[2020-05-27T16:46:03.297] [ERROR] access - ::1 - - "GET / HTTP/1.1" 401 59 "" "Mozilla/5.0 (Windows NT 10.0; WOW64) AppleWebKit/537.36 (KHTML, like Gecko) Chrome/81.0.4044.138 Safari/537.36"
[2020-05-27T16:46:12.659] [ERROR] access - ::1 - - "GET /amin/login HTTP/1.1" 401 59 "" "Mozilla/5.0 (Windows NT 10.0; WOW64) AppleWebKit/537.36 (KHTML, like Gecko) Chrome/81.0.4044.138 Safari/537.36"
[2020-05-27T16:46:19.323] [ERROR] access - ::1 - - "GET /login HTTP/1.1" 401 59 "" "Mozilla/5.0 (Windows NT 10.0; WOW64) AppleWebKit/537.36 (KHTML, like Gecko) Chrome/81.0.4044.138 Safari/537.36"
[2020-05-27T16:46:29.392] [ERROR] access - ::1 - - "GET /login.html HTTP/1.1" 401 59 "" "Mozilla/5.0 (Windows NT 10.0; WOW64) AppleWebKit/537.36 (KHTML, like Gecko) Chrome/81.0.4044.138 Safari/537.36"
[2020-05-27T16:47:09.998] [INFO] access - ::1 - - "GET /admin/login.html HTTP/1.1" 200 4373 "" "Mozilla/5.0 (Windows NT 10.0; WOW64) AppleWebKit/537.36 (KHTML, like Gecko) Chrome/81.0.4044.138 Safari/537.36"
[2020-05-27T16:47:10.310] [INFO] access - ::1 - - "GET /js/md5.js HTTP/1.1" 200 11559 "http://localhost:8080/admin/login.html" "Mozilla/5.0 (Windows NT 10.0; WOW64) AppleWebKit/537.36 (KHTML, like Gecko) Chrome/81.0.4044.138 Safari/537.36"
[2020-05-27T16:47:10.310] [INFO] access - ::1 - - "GET /js/jQuery.js HTTP/1.1" 200 290960 "http://localhost:8080/admin/login.html" "Mozilla/5.0 (Windows NT 10.0; WOW64) AppleWebKit/537.36 (KHTML, like Gecko) Chrome/81.0.4044.138 Safari/537.36"
[2020-05-27T16:47:15.677] [INFO] access - ::1 - - "POST /api/login HTTP/1.1" 200 45 "http://localhost:8080/admin/login.html" "Mozilla/5.0 (Windows NT 10.0; WOW64) AppleWebKit/537.36 (KHTML, like Gecko) Chrome/81.0.4044.138 Safari/537.36"
[2020-05-27T16:47:20.801] [INFO] access - ::1 - - "POST /api/login HTTP/1.1" 200 496 "http://localhost:8080/admin/login.html" "Mozilla/5.0 (Windows NT 10.0; WOW64) AppleWebKit/537.36 (KHTML, like Gecko) Chrome/81.0.4044.138 Safari/537.36"
[2020-05-27T16:47:21.862] [INFO] access - ::1 - - "GET /admin/index.html HTTP/1.1" 200 4203 "http://localhost:8080/admin/login.html" "Mozilla/5.0 (Windows NT 10.0; WOW64) AppleWebKit/537.36 (KHTML, like Gecko) Chrome/81.0.4044.138 Safari/537.36"
[2020-05-27T16:47:21.930] [INFO] access - ::1 - - "GET /css/bootstrap.css HTTP/1.1" 200 146010 "http://localhost:8080/admin/index.html" "Mozilla/5.0 (Windows NT 10.0; WOW64) AppleWebKit/537.36 (KHTML, like Gecko) Chrome/81.0.4044.138 Safari/537.36"
[2020-05-27T16:47:21.934] [INFO] access - ::1 - - "GET /js/jQuery.js HTTP/1.1" 200 290960 "http://localhost:8080/admin/index.html" "Mozilla/5.0 (Windows NT 10.0; WOW64) AppleWebKit/537.36 (KHTML, like Gecko) Chrome/81.0.4044.138 Safari/537.36"
[2020-05-27T16:47:21.935] [INFO] access - ::1 - - "GET /js/template-web.js HTTP/1.1" 200 17323 "http://localhost:8080/admin/index.html" "Mozilla/5.0 (Windows NT 10.0; WOW64) AppleWebKit/537.36 (KHTML, like Gecko) Chrome/81.0.4044.138 Safari/537.36"
[2020-05-27T16:47:22.006] [ERROR] access - ::1 - - "GET /css/bootstrap.css.map HTTP/1.1" 401 59 "" "Mozilla/5.0 (Windows NT 10.0; WOW64) AppleWebKit/537.36 (KHTML, like Gecko) Chrome/81.0.4044.138 Safari/537.36"
[2020-05-27T16:47:22.033] [INFO] access - ::1 - - "POST /api/verifyToken HTTP/1.1" 200 30 "http://localhost:8080/admin/index.html" "Mozilla/5.0 (Windows NT 10.0; WOW64) AppleWebKit/537.36 (KHTML, like Gecko) Chrome/81.0.4044.138 Safari/537.36"
[2020-05-27T16:47:22.076] [INFO] access - ::1 - - "GET /api/getHero HTTP/1.1" 200 864 "http://localhost:8080/admin/index.html" "Mozilla/5.0 (Windows NT 10.0; WOW64) AppleWebKit/537.36 (KHTML, like Gecko) Chrome/81.0.4044.138 Safari/537.36"
[2020-05-27T16:47:22.105] [INFO] access - ::1 - - "GET /uploads/upload_fa9156768a08480780672a36a36b923a.jpg HTTP/1.1" 200 7918 "http://localhost:8080/admin/index.html" "Mozilla/5.0 (Windows NT 10.0; WOW64) AppleWebKit/537.36 (KHTML, like Gecko) Chrome/81.0.4044.138 Safari/537.36"
[2020-05-27T16:47:22.106] [INFO] access - ::1 - - "GET /uploads/upload_05f442f6e7e544e1483a8dad48657f3f.jpg HTTP/1.1" 200 8517 "http://localhost:8080/admin/index.html" "Mozilla/5.0 (Windows NT 10.0; WOW64) AppleWebKit/537.36 (KHTML, like Gecko) Chrome/81.0.4044.138 Safari/537.36"
[2020-05-27T16:47:22.107] [INFO] access - ::1 - - "GET /uploads/upload_79b7b740e4c45e9a394e6d6b656bda28.jpg HTTP/1.1" 200 10176 "http://localhost:8080/admin/index.html" "Mozilla/5.0 (Windows NT 10.0; WOW64) AppleWebKit/537.36 (KHTML, like Gecko) Chrome/81.0.4044.138 Safari/537.36"
[2020-05-27T16:47:22.112] [INFO] access - ::1 - - "GET /uploads/upload_c7b0329c3a652255ca1e914f7f3727f9.jpg HTTP/1.1" 200 8964 "http://localhost:8080/admin/index.html" "Mozilla/5.0 (Windows NT 10.0; WOW64) AppleWebKit/537.36 (KHTML, like Gecko) Chrome/81.0.4044.138 Safari/537.36"
[2020-05-27T16:47:22.113] [INFO] access - ::1 - - "GET /uploads/upload_f81e871f10f6894d8d242c92618f1dbf.jpeg HTTP/1.1" 200 32069 "http://localhost:8080/admin/index.html" "Mozilla/5.0 (Windows NT 10.0; WOW64) AppleWebKit/537.36 (KHTML, like Gecko) Chrome/81.0.4044.138 Safari/537.36"
[2020-05-27T16:48:31.658] [INFO] access - ::1 - - "GET /admin/index.html HTTP/1.1" 200 4203 "http://localhost:8080/admin/login.html" "Mozilla/5.0 (Windows NT 10.0; WOW64) AppleWebKit/537.36 (KHTML, like Gecko) Chrome/81.0.4044.138 Safari/537.36"
[2020-05-27T16:48:31.695] [INFO] access - ::1 - - "GET /js/jQuery.js HTTP/1.1" 200 290960 "http://localhost:8080/admin/index.html" "Mozilla/5.0 (Windows NT 10.0; WOW64) AppleWebKit/537.36 (KHTML, like Gecko) Chrome/81.0.4044.138 Safari/537.36"
[2020-05-27T16:48:31.695] [INFO] access - ::1 - - "GET /css/bootstrap.css HTTP/1.1" 200 146010 "http://localhost:8080/admin/index.html" "Mozilla/5.0 (Windows NT 10.0; WOW64) AppleWebKit/537.36 (KHTML, like Gecko) Chrome/81.0.4044.138 Safari/537.36"
[2020-05-27T16:48:31.696] [INFO] access - ::1 - - "GET /js/template-web.js HTTP/1.1" 200 17323 "http://localhost:8080/admin/index.html" "Mozilla/5.0 (Windows NT 10.0; WOW64) AppleWebKit/537.36 (KHTML, like Gecko) Chrome/81.0.4044.138 Safari/537.36"
[2020-05-27T16:48:31.779] [ERROR] access - ::1 - - "GET /css/bootstrap.css.map HTTP/1.1" 401 59 "" "Mozilla/5.0 (Windows NT 10.0; WOW64) AppleWebKit/537.36 (KHTML, like Gecko) Chrome/81.0.4044.138 Safari/537.36"
[2020-05-27T16:48:31.795] [INFO] access - ::1 - - "POST /api/verifyToken HTTP/1.1" 200 30 "http://localhost:8080/admin/index.html" "Mozilla/5.0 (Windows NT 10.0; WOW64) AppleWebKit/537.36 (KHTML, like Gecko) Chrome/81.0.4044.138 Safari/537.36"
[2020-05-27T16:48:31.862] [INFO] access - ::1 - - "GET /api/getHero HTTP/1.1" 200 864 "http://localhost:8080/admin/index.html" "Mozilla/5.0 (Windows NT 10.0; WOW64) AppleWebKit/537.36 (KHTML, like Gecko) Chrome/81.0.4044.138 Safari/537.36"
[2020-05-27T16:48:38.996] [INFO] access - ::1 - - "GET /admin/index.html HTTP/1.1" 200 4203 "http://localhost:8080/admin/login.html" "Mozilla/5.0 (Windows NT 10.0; WOW64) AppleWebKit/537.36 (KHTML, like Gecko) Chrome/81.0.4044.138 Safari/537.36"
[2020-05-27T16:48:39.024] [INFO] access - ::1 - - "GET /css/bootstrap.css HTTP/1.1" 200 146010 "http://localhost:8080/admin/index.html" "Mozilla/5.0 (Windows NT 10.0; WOW64) AppleWebKit/537.36 (KHTML, like Gecko) Chrome/81.0.4044.138 Safari/537.36"
[2020-05-27T16:48:39.024] [INFO] access - ::1 - - "GET /js/jQuery.js HTTP/1.1" 200 290960 "http://localhost:8080/admin/index.html" "Mozilla/5.0 (Windows NT 10.0; WOW64) AppleWebKit/537.36 (KHTML, like Gecko) Chrome/81.0.4044.138 Safari/537.36"
[2020-05-27T16:48:39.028] [INFO] access - ::1 - - "GET /js/template-web.js HTTP/1.1" 200 17323 "http://localhost:8080/admin/index.html" "Mozilla/5.0 (Windows NT 10.0; WOW64) AppleWebKit/537.36 (KHTML, like Gecko) Chrome/81.0.4044.138 Safari/537.36"
[2020-05-27T16:48:39.097] [ERROR] access - ::1 - - "GET /css/bootstrap.css.map HTTP/1.1" 401 59 "" "Mozilla/5.0 (Windows NT 10.0; WOW64) AppleWebKit/537.36 (KHTML, like Gecko) Chrome/81.0.4044.138 Safari/537.36"
[2020-05-27T16:48:39.105] [INFO] access - ::1 - - "POST /api/verifyToken HTTP/1.1" 200 30 "http://localhost:8080/admin/index.html" "Mozilla/5.0 (Windows NT 10.0; WOW64) AppleWebKit/537.36 (KHTML, like Gecko) Chrome/81.0.4044.138 Safari/537.36"
[2020-05-27T16:48:39.128] [INFO] access - ::1 - - "GET /api/getHero HTTP/1.1" 200 864 "http://localhost:8080/admin/index.html" "Mozilla/5.0 (Windows NT 10.0; WOW64) AppleWebKit/537.36 (KHTML, like Gecko) Chrome/81.0.4044.138 Safari/537.36"
[2020-05-27T16:48:41.575] [INFO] access - ::1 - - "GET /admin/edit.html?id=29 HTTP/1.1" 200 3728 "http://localhost:8080/admin/index.html" "Mozilla/5.0 (Windows NT 10.0; WOW64) AppleWebKit/537.36 (KHTML, like Gecko) Chrome/81.0.4044.138 Safari/537.36"
[2020-05-27T16:48:41.610] [INFO] access - ::1 - - "GET /css/bootstrap.css HTTP/1.1" 200 146010 "http://localhost:8080/admin/edit.html?id=29" "Mozilla/5.0 (Windows NT 10.0; WOW64) AppleWebKit/537.36 (KHTML, like Gecko) Chrome/81.0.4044.138 Safari/537.36"
[2020-05-27T16:48:41.612] [INFO] access - ::1 - - "GET /js/jQuery.js HTTP/1.1" 200 290960 "http://localhost:8080/admin/edit.html?id=29" "Mozilla/5.0 (Windows NT 10.0; WOW64) AppleWebKit/537.36 (KHTML, like Gecko) Chrome/81.0.4044.138 Safari/537.36"
[2020-05-27T16:48:41.613] [INFO] access - ::1 - - "GET /js/template-web.js HTTP/1.1" 200 17323 "http://localhost:8080/admin/edit.html?id=29" "Mozilla/5.0 (Windows NT 10.0; WOW64) AppleWebKit/537.36 (KHTML, like Gecko) Chrome/81.0.4044.138 Safari/537.36"
[2020-05-27T16:48:41.681] [ERROR] access - ::1 - - "GET /css/bootstrap.css.map HTTP/1.1" 401 59 "" "Mozilla/5.0 (Windows NT 10.0; WOW64) AppleWebKit/537.36 (KHTML, like Gecko) Chrome/81.0.4044.138 Safari/537.36"
[2020-05-27T16:48:41.735] [INFO] access - ::1 - - "GET /api/getHeroById?id=29 HTTP/1.1" 200 171 "http://localhost:8080/admin/edit.html?id=29" "Mozilla/5.0 (Windows NT 10.0; WOW64) AppleWebKit/537.36 (KHTML, like Gecko) Chrome/81.0.4044.138 Safari/537.36"
[2020-05-27T16:48:43.218] [ERROR] access - ::1 - - "GET /css/bootstrap.css.map HTTP/1.1" 401 59 "" "Mozilla/5.0 (Windows NT 10.0; WOW64) AppleWebKit/537.36 (KHTML, like Gecko) Chrome/81.0.4044.138 Safari/537.36"
[2020-05-27T16:48:43.220] [INFO] access - ::1 - - "POST /api/verifyToken HTTP/1.1" 200 30 "http://localhost:8080/admin/index.html" "Mozilla/5.0 (Windows NT 10.0; WOW64) AppleWebKit/537.36 (KHTML, like Gecko) Chrome/81.0.4044.138 Safari/537.36"
[2020-05-27T16:48:44.170] [INFO] access - ::1 - - "GET /admin/index.html HTTP/1.1" 200 4203 "http://localhost:8080/admin/login.html" "Mozilla/5.0 (Windows NT 10.0; WOW64) AppleWebKit/537.36 (KHTML, like Gecko) Chrome/81.0.4044.138 Safari/537.36"
[2020-05-27T16:48:44.201] [INFO] access - ::1 - - "GET /css/bootstrap.css HTTP/1.1" 200 146010 "http://localhost:8080/admin/index.html" "Mozilla/5.0 (Windows NT 10.0; WOW64) AppleWebKit/537.36 (KHTML, like Gecko) Chrome/81.0.4044.138 Safari/537.36"
[2020-05-27T16:48:44.204] [INFO] access - ::1 - - "GET /js/jQuery.js HTTP/1.1" 200 290960 "http://localhost:8080/admin/index.html" "Mozilla/5.0 (Windows NT 10.0; WOW64) AppleWebKit/537.36 (KHTML, like Gecko) Chrome/81.0.4044.138 Safari/537.36"
[2020-05-27T16:48:44.204] [INFO] access - ::1 - - "GET /js/template-web.js HTTP/1.1" 200 17323 "http://localhost:8080/admin/index.html" "Mozilla/5.0 (Windows NT 10.0; WOW64) AppleWebKit/537.36 (KHTML, like Gecko) Chrome/81.0.4044.138 Safari/537.36"
[2020-05-27T16:48:44.272] [ERROR] access - ::1 - - "GET /css/bootstrap.css.map HTTP/1.1" 401 59 "" "Mozilla/5.0 (Windows NT 10.0; WOW64) AppleWebKit/537.36 (KHTML, like Gecko) Chrome/81.0.4044.138 Safari/537.36"
[2020-05-27T16:48:44.283] [INFO] access - ::1 - - "POST /api/verifyToken HTTP/1.1" 200 30 "http://localhost:8080/admin/index.html" "Mozilla/5.0 (Windows NT 10.0; WOW64) AppleWebKit/537.36 (KHTML, like Gecko) Chrome/81.0.4044.138 Safari/537.36"
[2020-05-27T16:48:44.307] [INFO] access - ::1 - - "GET /api/getHero HTTP/1.1" 200 864 "http://localhost:8080/admin/index.html" "Mozilla/5.0 (Windows NT 10.0; WOW64) AppleWebKit/537.36 (KHTML, like Gecko) Chrome/81.0.4044.138 Safari/537.36"
[2020-05-27T16:49:56.448] [INFO] access - ::1 - - "GET /admin/index.html HTTP/1.1" 200 4203 "http://localhost:8080/admin/login.html" "Mozilla/5.0 (Windows NT 10.0; WOW64) AppleWebKit/537.36 (KHTML, like Gecko) Chrome/81.0.4044.138 Safari/537.36"
[2020-05-27T16:49:56.480] [INFO] access - ::1 - - "GET /css/bootstrap.css HTTP/1.1" 200 146010 "http://localhost:8080/admin/index.html" "Mozilla/5.0 (Windows NT 10.0; WOW64) AppleWebKit/537.36 (KHTML, like Gecko) Chrome/81.0.4044.138 Safari/537.36"
[2020-05-27T16:49:56.481] [INFO] access - ::1 - - "GET /js/jQuery.js HTTP/1.1" 200 290960 "http://localhost:8080/admin/index.html" "Mozilla/5.0 (Windows NT 10.0; WOW64) AppleWebKit/537.36 (KHTML, like Gecko) Chrome/81.0.4044.138 Safari/537.36"
[2020-05-27T16:49:56.485] [INFO] access - ::1 - - "GET /js/template-web.js HTTP/1.1" 200 17323 "http://localhost:8080/admin/index.html" "Mozilla/5.0 (Windows NT 10.0; WOW64) AppleWebKit/537.36 (KHTML, like Gecko) Chrome/81.0.4044.138 Safari/537.36"
[2020-05-27T16:49:56.549] [ERROR] access - ::1 - - "GET /css/bootstrap.css.map HTTP/1.1" 401 59 "" "Mozilla/5.0 (Windows NT 10.0; WOW64) AppleWebKit/537.36 (KHTML, like Gecko) Chrome/81.0.4044.138 Safari/537.36"
[2020-05-27T16:49:56.564] [INFO] access - ::1 - - "POST /api/verifyToken HTTP/1.1" 200 30 "http://localhost:8080/admin/index.html" "Mozilla/5.0 (Windows NT 10.0; WOW64) AppleWebKit/537.36 (KHTML, like Gecko) Chrome/81.0.4044.138 Safari/537.36"
[2020-05-27T16:49:56.619] [INFO] access - ::1 - - "GET /api/getHero HTTP/1.1" 200 864 "http://localhost:8080/admin/index.html" "Mozilla/5.0 (Windows NT 10.0; WOW64) AppleWebKit/537.36 (KHTML, like Gecko) Chrome/81.0.4044.138 Safari/537.36"
