Arguments: 
  C:\Program Files (x86)\nodejs\node.exe C:\Users\liuyi\AppData\Roaming\npm\node_modules\yarn\bin\yarn.js add react-md-editor-cm5

PATH: 
  C:\Users\liuyi\bin;C:\Program Files\Git\mingw64\bin;C:\Program Files\Git\usr\local\bin;C:\Program Files\Git\usr\bin;C:\Program Files\Git\usr\bin;C:\Program Files\Git\mingw64\bin;C:\Program Files\Git\usr\bin;C:\Users\liuyi\bin;C:\Windows\system32;C:\Windows;C:\Windows\System32\Wbem;C:\Windows\System32\WindowsPowerShell\v1.0;C:\Windows\System32\OpenSSH;C:\Program Files (x86)\NVIDIA Corporation\PhysX\Common;C:\Program Files\NVIDIA Corporation\NVIDIA NvDLISR;C:\WINDOWS\system32;C:\WINDOWS;C:\WINDOWS\System32\Wbem;C:\WINDOWS\System32\WindowsPowerShell\v1.0;C:\WINDOWS\System32\OpenSSH;C:\Program Files\Git\cmd;C:\Program Files (x86)\nodejs;C:\Program Files\MySQL\MySQL Shell 8.0\bin;D:\Microsoft VS Code\bin;C:\Users\liuyi\AppData\Roaming\npm;C:\Program Files\Git\usr\bin\vendor_perl;C:\Program Files\Git\usr\bin\core_perl

Yarn version: 
  1.22.19

Node version: 
  14.20.0

Platform: 
  win32 ia32

Trace: 
  Error: getaddrinfo ENOENT raw.githubusercontent.com
      at GetAddrInfoReqWrap.onlookup [as oncomplete] (dns.js:71:26)

npm manifest: 
  {
    "name": "vscoderep",
    "version": "1.0.0",
    "description": "Some demos for study",
    "main": "index.js",
    "scripts": {
      "test": "echo \"Error: no test specified\" && exit 1"
    },
    "repository": {
      "type": "git",
      "url": "git+https://github.com/lyucan01/Repositories.git"
    },
    "author": "",
    "license": "ISC",
    "bugs": {
      "url": "https://github.com/lyucan01/Repositories/issues"
    },
    "homepage": "https://github.com/lyucan01/Repositories#readme",
    "devDependencies": {
      "babel-eslint": "^10.0.1",
      "eslint": "^5.16.0",
      "eslint-config-standard": "^12.0.0",
      "eslint-config-vue": "^2.0.2",
      "eslint-friendly-formatter": "^4.0.1",
      "eslint-loader": "^2.1.2",
      "eslint-plugin-flow-vars": "^0.5.0",
      "eslint-plugin-html": "^5.0.5",
      "eslint-plugin-import": "^2.17.2",
      "eslint-plugin-node": "^9.0.1",
      "eslint-plugin-promise": "^4.1.1",
      "eslint-plugin-react": "^7.13.0",
      "eslint-plugin-standard": "^4.0.0",
      "eslint-plugin-vue": "^5.2.2",
      "gulp-uglify": "^3.0.2",
      "ly-tab": "^2.1.2",
      "qs": "^6.9.4"
    },
    "dependencies": {
      "aes-js": "^3.1.2",
      "axios": "^0.20.0",
      "big.js": "^5.2.2",
      "co": "^4.6.0",
      "co-mysql": "^1.0.0",
      "cookie-parser": "^1.4.4",
      "cookie-session": "^1.3.3",
      "decimal": "0.0.2",
      "express": "^4.17.1",
      "express-mysql-session": "^2.1.0",
      "forever": "^1.0.0",
      "json-bigint": "^1.0.0",
      "jsonwebtoken": "^8.5.1",
      "koa": "^2.7.0",
      "koa-better-body": "^3.0.4",
      "koa-ejs": "^4.2.0",
      "koa-jwt": "^4.0.0",
      "koa-log4": "^2.3.2",
      "koa-router": "^7.4.0",
      "koa-session": "^5.12.0",
      "koa-static": "^5.0.0",
      "koa2-cors": "^2.0.6",
      "log4js": "^6.3.0",
      "multiparty": "^4.2.1",
      "mysql2": "^2.1.0",
      "node-fetch": "^2.6.0",
      "sequelize": "^5.21.10",
      "thunkify": "^2.1.2",
      "underscore": "^1.10.2"
    }
  }

yarn manifest: 
  No manifest

Lockfile: 
  No lockfile
