[2020-05-27T16:54:16.982] [INFO] access - ::1 - - "POST /api/login HTTP/1.1" 200 496 "http://localhost:8080/admin/login.html" "Mozilla/5.0 (Windows NT 10.0; WOW64) AppleWebKit/537.36 (KHTML, like Gecko) Chrome/81.0.4044.138 Safari/537.36"
[2020-05-27T16:54:18.021] [INFO] access - ::1 - - "GET /admin/index.html HTTP/1.1" 200 4203 "http://localhost:8080/admin/login.html" "Mozilla/5.0 (Windows NT 10.0; WOW64) AppleWebKit/537.36 (KHTML, like Gecko) Chrome/81.0.4044.138 Safari/537.36"
[2020-05-27T16:54:18.053] [INFO] access - ::1 - - "GET /css/bootstrap.css HTTP/1.1" 200 146010 "http://localhost:8080/admin/index.html" "Mozilla/5.0 (Windows NT 10.0; WOW64) AppleWebKit/537.36 (KHTML, like Gecko) Chrome/81.0.4044.138 Safari/537.36"
[2020-05-27T16:54:18.060] [INFO] access - ::1 - - "GET /js/jQuery.js HTTP/1.1" 200 290960 "http://localhost:8080/admin/index.html" "Mozilla/5.0 (Windows NT 10.0; WOW64) AppleWebKit/537.36 (KHTML, like Gecko) Chrome/81.0.4044.138 Safari/537.36"
[2020-05-27T16:54:18.060] [INFO] access - ::1 - - "GET /js/template-web.js HTTP/1.1" 200 17323 "http://localhost:8080/admin/index.html" "Mozilla/5.0 (Windows NT 10.0; WOW64) AppleWebKit/537.36 (KHTML, like Gecko) Chrome/81.0.4044.138 Safari/537.36"
[2020-05-27T16:54:18.135] [ERROR] access - ::1 - - "GET /css/bootstrap.css.map HTTP/1.1" 401 59 "" "Mozilla/5.0 (Windows NT 10.0; WOW64) AppleWebKit/537.36 (KHTML, like Gecko) Chrome/81.0.4044.138 Safari/537.36"
[2020-05-27T16:54:18.147] [INFO] access - ::1 - - "POST /api/verifyToken HTTP/1.1" 200 30 "http://localhost:8080/admin/index.html" "Mozilla/5.0 (Windows NT 10.0; WOW64) AppleWebKit/537.36 (KHTML, like Gecko) Chrome/81.0.4044.138 Safari/537.36"
[2020-05-27T16:54:18.174] [INFO] access - ::1 - - "GET /api/getHero HTTP/1.1" 200 864 "http://localhost:8080/admin/index.html" "Mozilla/5.0 (Windows NT 10.0; WOW64) AppleWebKit/537.36 (KHTML, like Gecko) Chrome/81.0.4044.138 Safari/537.36"
[2020-05-27T16:54:20.737] [INFO] access - ::1 - - "GET /admin/index.html HTTP/1.1" 200 4203 "http://localhost:8080/admin/login.html" "Mozilla/5.0 (Windows NT 10.0; WOW64) AppleWebKit/537.36 (KHTML, like Gecko) Chrome/81.0.4044.138 Safari/537.36"
[2020-05-27T16:54:20.766] [INFO] access - ::1 - - "GET /css/bootstrap.css HTTP/1.1" 200 146010 "http://localhost:8080/admin/index.html" "Mozilla/5.0 (Windows NT 10.0; WOW64) AppleWebKit/537.36 (KHTML, like Gecko) Chrome/81.0.4044.138 Safari/537.36"
[2020-05-27T16:54:20.767] [INFO] access - ::1 - - "GET /js/jQuery.js HTTP/1.1" 200 290960 "http://localhost:8080/admin/index.html" "Mozilla/5.0 (Windows NT 10.0; WOW64) AppleWebKit/537.36 (KHTML, like Gecko) Chrome/81.0.4044.138 Safari/537.36"
[2020-05-27T16:54:20.767] [INFO] access - ::1 - - "GET /js/template-web.js HTTP/1.1" 200 17323 "http://localhost:8080/admin/index.html" "Mozilla/5.0 (Windows NT 10.0; WOW64) AppleWebKit/537.36 (KHTML, like Gecko) Chrome/81.0.4044.138 Safari/537.36"
[2020-05-27T16:54:20.838] [ERROR] access - ::1 - - "GET /css/bootstrap.css.map HTTP/1.1" 401 59 "" "Mozilla/5.0 (Windows NT 10.0; WOW64) AppleWebKit/537.36 (KHTML, like Gecko) Chrome/81.0.4044.138 Safari/537.36"
[2020-05-27T16:54:20.846] [INFO] access - ::1 - - "POST /api/verifyToken HTTP/1.1" 200 30 "http://localhost:8080/admin/index.html" "Mozilla/5.0 (Windows NT 10.0; WOW64) AppleWebKit/537.36 (KHTML, like Gecko) Chrome/81.0.4044.138 Safari/537.36"
[2020-05-27T16:54:20.870] [INFO] access - ::1 - - "GET /api/getHero HTTP/1.1" 200 864 "http://localhost:8080/admin/index.html" "Mozilla/5.0 (Windows NT 10.0; WOW64) AppleWebKit/537.36 (KHTML, like Gecko) Chrome/81.0.4044.138 Safari/537.36"
[2020-05-27T16:54:39.675] [ERROR] access - ::1 - - "GET /admin/index.htm HTTP/1.1" 401 59 "" "Mozilla/5.0 (Windows NT 10.0; WOW64) AppleWebKit/537.36 (KHTML, like Gecko) Chrome/81.0.4044.138 Safari/537.36"
[2020-05-27T16:54:46.608] [ERROR] access - ::1 - - "GET /css/bootstrap.css.map HTTP/1.1" 401 59 "" "Mozilla/5.0 (Windows NT 10.0; WOW64) AppleWebKit/537.36 (KHTML, like Gecko) Chrome/81.0.4044.138 Safari/537.36"
[2020-05-27T16:54:46.618] [INFO] access - ::1 - - "POST /api/verifyToken HTTP/1.1" 200 30 "http://localhost:8080/admin/index.html" "Mozilla/5.0 (Windows NT 10.0; WOW64) AppleWebKit/537.36 (KHTML, like Gecko) Chrome/81.0.4044.138 Safari/537.36"
[2020-05-27T16:54:56.664] [INFO] access - ::1 - - "GET /admin/index.html HTTP/1.1" 200 4203 "http://localhost:8080/admin/login.html" "Mozilla/5.0 (Windows NT 10.0; WOW64) AppleWebKit/537.36 (KHTML, like Gecko) Chrome/81.0.4044.138 Safari/537.36"
[2020-05-27T16:54:56.693] [INFO] access - ::1 - - "GET /css/bootstrap.css HTTP/1.1" 200 146010 "http://localhost:8080/admin/index.html" "Mozilla/5.0 (Windows NT 10.0; WOW64) AppleWebKit/537.36 (KHTML, like Gecko) Chrome/81.0.4044.138 Safari/537.36"
[2020-05-27T16:54:56.697] [INFO] access - ::1 - - "GET /js/jQuery.js HTTP/1.1" 200 290960 "http://localhost:8080/admin/index.html" "Mozilla/5.0 (Windows NT 10.0; WOW64) AppleWebKit/537.36 (KHTML, like Gecko) Chrome/81.0.4044.138 Safari/537.36"
[2020-05-27T16:54:56.698] [INFO] access - ::1 - - "GET /js/template-web.js HTTP/1.1" 200 17323 "http://localhost:8080/admin/index.html" "Mozilla/5.0 (Windows NT 10.0; WOW64) AppleWebKit/537.36 (KHTML, like Gecko) Chrome/81.0.4044.138 Safari/537.36"
[2020-05-27T16:54:56.751] [ERROR] access - ::1 - - "GET /css/bootstrap.css.map HTTP/1.1" 401 59 "" "Mozilla/5.0 (Windows NT 10.0; WOW64) AppleWebKit/537.36 (KHTML, like Gecko) Chrome/81.0.4044.138 Safari/537.36"
[2020-05-27T16:54:56.758] [ERROR] access - ::1 - - "POST /api/verifyToken HTTP/1.1" 401 59 "http://localhost:8080/admin/index.html" "Mozilla/5.0 (Windows NT 10.0; WOW64) AppleWebKit/537.36 (KHTML, like Gecko) Chrome/81.0.4044.138 Safari/537.36"
[2020-05-27T16:54:56.769] [ERROR] access - ::1 - - "GET /api/getHero HTTP/1.1" 401 59 "http://localhost:8080/admin/index.html" "Mozilla/5.0 (Windows NT 10.0; WOW64) AppleWebKit/537.36 (KHTML, like Gecko) Chrome/81.0.4044.138 Safari/537.36"
[2020-05-27T16:55:00.544] [INFO] access - ::1 - - "GET /admin/index.html HTTP/1.1" 200 4203 "http://localhost:8080/admin/login.html" "Mozilla/5.0 (Windows NT 10.0; WOW64) AppleWebKit/537.36 (KHTML, like Gecko) Chrome/81.0.4044.138 Safari/537.36"
[2020-05-27T16:55:00.571] [INFO] access - ::1 - - "GET /css/bootstrap.css HTTP/1.1" 200 146010 "http://localhost:8080/admin/index.html" "Mozilla/5.0 (Windows NT 10.0; WOW64) AppleWebKit/537.36 (KHTML, like Gecko) Chrome/81.0.4044.138 Safari/537.36"
[2020-05-27T16:55:00.572] [INFO] access - ::1 - - "GET /js/template-web.js HTTP/1.1" 200 17323 "http://localhost:8080/admin/index.html" "Mozilla/5.0 (Windows NT 10.0; WOW64) AppleWebKit/537.36 (KHTML, like Gecko) Chrome/81.0.4044.138 Safari/537.36"
[2020-05-27T16:55:00.573] [INFO] access - ::1 - - "GET /js/jQuery.js HTTP/1.1" 200 290960 "http://localhost:8080/admin/index.html" "Mozilla/5.0 (Windows NT 10.0; WOW64) AppleWebKit/537.36 (KHTML, like Gecko) Chrome/81.0.4044.138 Safari/537.36"
[2020-05-27T16:55:00.634] [ERROR] access - ::1 - - "GET /css/bootstrap.css.map HTTP/1.1" 401 59 "" "Mozilla/5.0 (Windows NT 10.0; WOW64) AppleWebKit/537.36 (KHTML, like Gecko) Chrome/81.0.4044.138 Safari/537.36"
[2020-05-27T16:55:00.643] [ERROR] access - ::1 - - "POST /api/verifyToken HTTP/1.1" 401 59 "http://localhost:8080/admin/index.html" "Mozilla/5.0 (Windows NT 10.0; WOW64) AppleWebKit/537.36 (KHTML, like Gecko) Chrome/81.0.4044.138 Safari/537.36"
[2020-05-27T16:55:00.645] [ERROR] access - ::1 - - "GET /api/getHero HTTP/1.1" 401 59 "http://localhost:8080/admin/index.html" "Mozilla/5.0 (Windows NT 10.0; WOW64) AppleWebKit/537.36 (KHTML, like Gecko) Chrome/81.0.4044.138 Safari/537.36"
[2020-05-27T16:55:09.571] [INFO] access - ::1 - - "GET /admin/index.html HTTP/1.1" 200 4203 "http://localhost:8080/admin/login.html" "Mozilla/5.0 (Windows NT 10.0; WOW64) AppleWebKit/537.36 (KHTML, like Gecko) Chrome/81.0.4044.138 Safari/537.36"
[2020-05-27T16:55:09.598] [INFO] access - ::1 - - "GET /js/jQuery.js HTTP/1.1" 200 290960 "http://localhost:8080/admin/index.html" "Mozilla/5.0 (Windows NT 10.0; WOW64) AppleWebKit/537.36 (KHTML, like Gecko) Chrome/81.0.4044.138 Safari/537.36"
[2020-05-27T16:55:09.599] [INFO] access - ::1 - - "GET /css/bootstrap.css HTTP/1.1" 200 146010 "http://localhost:8080/admin/index.html" "Mozilla/5.0 (Windows NT 10.0; WOW64) AppleWebKit/537.36 (KHTML, like Gecko) Chrome/81.0.4044.138 Safari/537.36"
[2020-05-27T16:55:09.603] [INFO] access - ::1 - - "GET /js/template-web.js HTTP/1.1" 200 17323 "http://localhost:8080/admin/index.html" "Mozilla/5.0 (Windows NT 10.0; WOW64) AppleWebKit/537.36 (KHTML, like Gecko) Chrome/81.0.4044.138 Safari/537.36"
[2020-05-27T16:55:09.667] [ERROR] access - ::1 - - "GET /css/bootstrap.css.map HTTP/1.1" 401 59 "" "Mozilla/5.0 (Windows NT 10.0; WOW64) AppleWebKit/537.36 (KHTML, like Gecko) Chrome/81.0.4044.138 Safari/537.36"
[2020-05-27T16:55:09.678] [ERROR] access - ::1 - - "POST /api/verifyToken HTTP/1.1" 401 59 "http://localhost:8080/admin/index.html" "Mozilla/5.0 (Windows NT 10.0; WOW64) AppleWebKit/537.36 (KHTML, like Gecko) Chrome/81.0.4044.138 Safari/537.36"
[2020-05-27T16:55:09.682] [ERROR] access - ::1 - - "GET /api/getHero HTTP/1.1" 401 59 "http://localhost:8080/admin/index.html" "Mozilla/5.0 (Windows NT 10.0; WOW64) AppleWebKit/537.36 (KHTML, like Gecko) Chrome/81.0.4044.138 Safari/537.36"
[2020-05-27T16:55:43.310] [INFO] access - ::1 - - "POST /api/login HTTP/1.1" 200 496 "http://localhost:8080/admin/login.html" "Mozilla/5.0 (Windows NT 10.0; WOW64) AppleWebKit/537.36 (KHTML, like Gecko) Chrome/81.0.4044.138 Safari/537.36"
[2020-05-27T16:55:44.621] [INFO] access - ::1 - - "GET /admin/index.html HTTP/1.1" 200 4203 "http://localhost:8080/admin/login.html" "Mozilla/5.0 (Windows NT 10.0; WOW64) AppleWebKit/537.36 (KHTML, like Gecko) Chrome/81.0.4044.138 Safari/537.36"
[2020-05-27T16:55:44.652] [INFO] access - ::1 - - "GET /css/bootstrap.css HTTP/1.1" 200 146010 "http://localhost:8080/admin/index.html" "Mozilla/5.0 (Windows NT 10.0; WOW64) AppleWebKit/537.36 (KHTML, like Gecko) Chrome/81.0.4044.138 Safari/537.36"
[2020-05-27T16:55:44.657] [INFO] access - ::1 - - "GET /js/jQuery.js HTTP/1.1" 200 290960 "http://localhost:8080/admin/index.html" "Mozilla/5.0 (Windows NT 10.0; WOW64) AppleWebKit/537.36 (KHTML, like Gecko) Chrome/81.0.4044.138 Safari/537.36"
[2020-05-27T16:55:44.657] [INFO] access - ::1 - - "GET /js/template-web.js HTTP/1.1" 200 17323 "http://localhost:8080/admin/index.html" "Mozilla/5.0 (Windows NT 10.0; WOW64) AppleWebKit/537.36 (KHTML, like Gecko) Chrome/81.0.4044.138 Safari/537.36"
[2020-05-27T16:55:44.716] [ERROR] access - ::1 - - "GET /css/bootstrap.css.map HTTP/1.1" 401 59 "" "Mozilla/5.0 (Windows NT 10.0; WOW64) AppleWebKit/537.36 (KHTML, like Gecko) Chrome/81.0.4044.138 Safari/537.36"
[2020-05-27T16:55:44.719] [INFO] access - ::1 - - "POST /api/verifyToken HTTP/1.1" 200 30 "http://localhost:8080/admin/index.html" "Mozilla/5.0 (Windows NT 10.0; WOW64) AppleWebKit/537.36 (KHTML, like Gecko) Chrome/81.0.4044.138 Safari/537.36"
[2020-05-27T16:55:44.723] [INFO] access - ::1 - - "GET /api/getHero HTTP/1.1" 200 864 "http://localhost:8080/admin/index.html" "Mozilla/5.0 (Windows NT 10.0; WOW64) AppleWebKit/537.36 (KHTML, like Gecko) Chrome/81.0.4044.138 Safari/537.36"
[2020-05-27T16:56:46.250] [INFO] access - ::1 - - "GET /admin/index.html HTTP/1.1" 200 4308 "http://localhost:8080/admin/login.html" "Mozilla/5.0 (Windows NT 10.0; WOW64) AppleWebKit/537.36 (KHTML, like Gecko) Chrome/81.0.4044.138 Safari/537.36"
[2020-05-27T16:56:46.281] [INFO] access - ::1 - - "GET /css/bootstrap.css HTTP/1.1" 200 146010 "http://localhost:8080/admin/index.html" "Mozilla/5.0 (Windows NT 10.0; WOW64) AppleWebKit/537.36 (KHTML, like Gecko) Chrome/81.0.4044.138 Safari/537.36"
[2020-05-27T16:56:46.285] [INFO] access - ::1 - - "GET /js/jQuery.js HTTP/1.1" 200 290960 "http://localhost:8080/admin/index.html" "Mozilla/5.0 (Windows NT 10.0; WOW64) AppleWebKit/537.36 (KHTML, like Gecko) Chrome/81.0.4044.138 Safari/537.36"
[2020-05-27T16:56:46.286] [INFO] access - ::1 - - "GET /js/template-web.js HTTP/1.1" 200 17323 "http://localhost:8080/admin/index.html" "Mozilla/5.0 (Windows NT 10.0; WOW64) AppleWebKit/537.36 (KHTML, like Gecko) Chrome/81.0.4044.138 Safari/537.36"
[2020-05-27T16:56:46.343] [ERROR] access - ::1 - - "GET /css/bootstrap.css.map HTTP/1.1" 401 59 "" "Mozilla/5.0 (Windows NT 10.0; WOW64) AppleWebKit/537.36 (KHTML, like Gecko) Chrome/81.0.4044.138 Safari/537.36"
[2020-05-27T16:56:46.353] [INFO] access - ::1 - - "POST /api/verifyToken HTTP/1.1" 200 30 "http://localhost:8080/admin/index.html" "Mozilla/5.0 (Windows NT 10.0; WOW64) AppleWebKit/537.36 (KHTML, like Gecko) Chrome/81.0.4044.138 Safari/537.36"
[2020-05-27T16:56:46.375] [INFO] access - ::1 - - "GET /api/getHero HTTP/1.1" 200 864 "http://localhost:8080/admin/index.html" "Mozilla/5.0 (Windows NT 10.0; WOW64) AppleWebKit/537.36 (KHTML, like Gecko) Chrome/81.0.4044.138 Safari/537.36"
[2020-05-27T16:56:47.523] [ERROR] access - ::1 - - "GET /api/logout HTTP/1.1" 401 59 "http://localhost:8080/admin/index.html" "Mozilla/5.0 (Windows NT 10.0; WOW64) AppleWebKit/537.36 (KHTML, like Gecko) Chrome/81.0.4044.138 Safari/537.36"
[2020-05-27T16:56:49.056] [INFO] access - ::1 - - "GET /admin/index.html HTTP/1.1" 200 4308 "http://localhost:8080/admin/login.html" "Mozilla/5.0 (Windows NT 10.0; WOW64) AppleWebKit/537.36 (KHTML, like Gecko) Chrome/81.0.4044.138 Safari/537.36"
[2020-05-27T16:56:49.082] [INFO] access - ::1 - - "GET /css/bootstrap.css HTTP/1.1" 200 146010 "http://localhost:8080/admin/index.html" "Mozilla/5.0 (Windows NT 10.0; WOW64) AppleWebKit/537.36 (KHTML, like Gecko) Chrome/81.0.4044.138 Safari/537.36"
[2020-05-27T16:56:49.084] [INFO] access - ::1 - - "GET /js/jQuery.js HTTP/1.1" 200 290960 "http://localhost:8080/admin/index.html" "Mozilla/5.0 (Windows NT 10.0; WOW64) AppleWebKit/537.36 (KHTML, like Gecko) Chrome/81.0.4044.138 Safari/537.36"
[2020-05-27T16:56:49.084] [INFO] access - ::1 - - "GET /js/template-web.js HTTP/1.1" 200 17323 "http://localhost:8080/admin/index.html" "Mozilla/5.0 (Windows NT 10.0; WOW64) AppleWebKit/537.36 (KHTML, like Gecko) Chrome/81.0.4044.138 Safari/537.36"
[2020-05-27T16:56:49.147] [ERROR] access - ::1 - - "GET /css/bootstrap.css.map HTTP/1.1" 401 59 "" "Mozilla/5.0 (Windows NT 10.0; WOW64) AppleWebKit/537.36 (KHTML, like Gecko) Chrome/81.0.4044.138 Safari/537.36"
[2020-05-27T16:56:49.154] [INFO] access - ::1 - - "POST /api/verifyToken HTTP/1.1" 200 30 "http://localhost:8080/admin/index.html" "Mozilla/5.0 (Windows NT 10.0; WOW64) AppleWebKit/537.36 (KHTML, like Gecko) Chrome/81.0.4044.138 Safari/537.36"
[2020-05-27T16:56:49.174] [INFO] access - ::1 - - "GET /api/getHero HTTP/1.1" 200 864 "http://localhost:8080/admin/index.html" "Mozilla/5.0 (Windows NT 10.0; WOW64) AppleWebKit/537.36 (KHTML, like Gecko) Chrome/81.0.4044.138 Safari/537.36"
[2020-05-27T16:56:55.032] [INFO] access - ::1 - - "GET /admin/index.html HTTP/1.1" 200 4308 "http://localhost:8080/admin/login.html" "Mozilla/5.0 (Windows NT 10.0; WOW64) AppleWebKit/537.36 (KHTML, like Gecko) Chrome/81.0.4044.138 Safari/537.36"
[2020-05-27T16:56:55.060] [INFO] access - ::1 - - "GET /css/bootstrap.css HTTP/1.1" 200 146010 "http://localhost:8080/admin/index.html" "Mozilla/5.0 (Windows NT 10.0; WOW64) AppleWebKit/537.36 (KHTML, like Gecko) Chrome/81.0.4044.138 Safari/537.36"
[2020-05-27T16:56:55.061] [INFO] access - ::1 - - "GET /js/jQuery.js HTTP/1.1" 200 290960 "http://localhost:8080/admin/index.html" "Mozilla/5.0 (Windows NT 10.0; WOW64) AppleWebKit/537.36 (KHTML, like Gecko) Chrome/81.0.4044.138 Safari/537.36"
[2020-05-27T16:56:55.066] [INFO] access - ::1 - - "GET /js/template-web.js HTTP/1.1" 200 17323 "http://localhost:8080/admin/index.html" "Mozilla/5.0 (Windows NT 10.0; WOW64) AppleWebKit/537.36 (KHTML, like Gecko) Chrome/81.0.4044.138 Safari/537.36"
[2020-05-27T16:56:55.119] [ERROR] access - ::1 - - "GET /css/bootstrap.css.map HTTP/1.1" 401 59 "" "Mozilla/5.0 (Windows NT 10.0; WOW64) AppleWebKit/537.36 (KHTML, like Gecko) Chrome/81.0.4044.138 Safari/537.36"
[2020-05-27T16:56:55.127] [ERROR] access - ::1 - - "POST /api/verifyToken HTTP/1.1" 401 59 "http://localhost:8080/admin/index.html" "Mozilla/5.0 (Windows NT 10.0; WOW64) AppleWebKit/537.36 (KHTML, like Gecko) Chrome/81.0.4044.138 Safari/537.36"
[2020-05-27T16:56:55.131] [ERROR] access - ::1 - - "GET /api/getHero HTTP/1.1" 401 59 "http://localhost:8080/admin/index.html" "Mozilla/5.0 (Windows NT 10.0; WOW64) AppleWebKit/537.36 (KHTML, like Gecko) Chrome/81.0.4044.138 Safari/537.36"
[2020-05-27T16:56:55.144] [INFO] access - ::1 - - "GET /admin/login.html HTTP/1.1" 200 4373 "http://localhost:8080/admin/index.html" "Mozilla/5.0 (Windows NT 10.0; WOW64) AppleWebKit/537.36 (KHTML, like Gecko) Chrome/81.0.4044.138 Safari/537.36"
[2020-05-27T16:56:55.186] [INFO] access - ::1 - - "GET /js/jQuery.js HTTP/1.1" 200 290960 "http://localhost:8080/admin/login.html" "Mozilla/5.0 (Windows NT 10.0; WOW64) AppleWebKit/537.36 (KHTML, like Gecko) Chrome/81.0.4044.138 Safari/537.36"
[2020-05-27T16:56:55.188] [INFO] access - ::1 - - "GET /js/md5.js HTTP/1.1" 200 11559 "http://localhost:8080/admin/login.html" "Mozilla/5.0 (Windows NT 10.0; WOW64) AppleWebKit/537.36 (KHTML, like Gecko) Chrome/81.0.4044.138 Safari/537.36"
[2020-05-27T16:57:00.524] [INFO] access - ::1 - - "POST /api/login HTTP/1.1" 200 496 "http://localhost:8080/admin/login.html" "Mozilla/5.0 (Windows NT 10.0; WOW64) AppleWebKit/537.36 (KHTML, like Gecko) Chrome/81.0.4044.138 Safari/537.36"
[2020-05-27T16:57:01.514] [INFO] access - ::1 - - "GET /admin/index.html HTTP/1.1" 200 4308 "http://localhost:8080/admin/login.html" "Mozilla/5.0 (Windows NT 10.0; WOW64) AppleWebKit/537.36 (KHTML, like Gecko) Chrome/81.0.4044.138 Safari/537.36"
[2020-05-27T16:57:01.552] [INFO] access - ::1 - - "GET /css/bootstrap.css HTTP/1.1" 200 146010 "http://localhost:8080/admin/index.html" "Mozilla/5.0 (Windows NT 10.0; WOW64) AppleWebKit/537.36 (KHTML, like Gecko) Chrome/81.0.4044.138 Safari/537.36"
[2020-05-27T16:57:01.556] [INFO] access - ::1 - - "GET /js/template-web.js HTTP/1.1" 200 17323 "http://localhost:8080/admin/index.html" "Mozilla/5.0 (Windows NT 10.0; WOW64) AppleWebKit/537.36 (KHTML, like Gecko) Chrome/81.0.4044.138 Safari/537.36"
[2020-05-27T16:57:01.556] [INFO] access - ::1 - - "GET /js/jQuery.js HTTP/1.1" 200 290960 "http://localhost:8080/admin/index.html" "Mozilla/5.0 (Windows NT 10.0; WOW64) AppleWebKit/537.36 (KHTML, like Gecko) Chrome/81.0.4044.138 Safari/537.36"
[2020-05-27T16:57:01.616] [ERROR] access - ::1 - - "GET /css/bootstrap.css.map HTTP/1.1" 401 59 "" "Mozilla/5.0 (Windows NT 10.0; WOW64) AppleWebKit/537.36 (KHTML, like Gecko) Chrome/81.0.4044.138 Safari/537.36"
[2020-05-27T16:57:01.624] [INFO] access - ::1 - - "POST /api/verifyToken HTTP/1.1" 200 30 "http://localhost:8080/admin/index.html" "Mozilla/5.0 (Windows NT 10.0; WOW64) AppleWebKit/537.36 (KHTML, like Gecko) Chrome/81.0.4044.138 Safari/537.36"
[2020-05-27T16:57:01.629] [INFO] access - ::1 - - "GET /api/getHero HTTP/1.1" 200 864 "http://localhost:8080/admin/index.html" "Mozilla/5.0 (Windows NT 10.0; WOW64) AppleWebKit/537.36 (KHTML, like Gecko) Chrome/81.0.4044.138 Safari/537.36"
[2020-05-27T16:57:02.979] [INFO] access - ::1 - - "GET /admin/edit.html?id=30 HTTP/1.1" 200 3728 "http://localhost:8080/admin/index.html" "Mozilla/5.0 (Windows NT 10.0; WOW64) AppleWebKit/537.36 (KHTML, like Gecko) Chrome/81.0.4044.138 Safari/537.36"
[2020-05-27T16:57:03.007] [INFO] access - ::1 - - "GET /css/bootstrap.css HTTP/1.1" 200 146010 "http://localhost:8080/admin/edit.html?id=30" "Mozilla/5.0 (Windows NT 10.0; WOW64) AppleWebKit/537.36 (KHTML, like Gecko) Chrome/81.0.4044.138 Safari/537.36"
[2020-05-27T16:57:03.007] [INFO] access - ::1 - - "GET /js/jQuery.js HTTP/1.1" 200 290960 "http://localhost:8080/admin/edit.html?id=30" "Mozilla/5.0 (Windows NT 10.0; WOW64) AppleWebKit/537.36 (KHTML, like Gecko) Chrome/81.0.4044.138 Safari/537.36"
[2020-05-27T16:57:03.008] [INFO] access - ::1 - - "GET /js/template-web.js HTTP/1.1" 200 17323 "http://localhost:8080/admin/edit.html?id=30" "Mozilla/5.0 (Windows NT 10.0; WOW64) AppleWebKit/537.36 (KHTML, like Gecko) Chrome/81.0.4044.138 Safari/537.36"
[2020-05-27T16:57:03.068] [ERROR] access - ::1 - - "GET /css/bootstrap.css.map HTTP/1.1" 401 59 "" "Mozilla/5.0 (Windows NT 10.0; WOW64) AppleWebKit/537.36 (KHTML, like Gecko) Chrome/81.0.4044.138 Safari/537.36"
[2020-05-27T16:57:03.080] [INFO] access - ::1 - - "GET /api/getHeroById?id=30 HTTP/1.1" 200 171 "http://localhost:8080/admin/edit.html?id=30" "Mozilla/5.0 (Windows NT 10.0; WOW64) AppleWebKit/537.36 (KHTML, like Gecko) Chrome/81.0.4044.138 Safari/537.36"
[2020-05-27T16:57:04.540] [ERROR] access - ::1 - - "POST /api/editHero HTTP/1.1" 401 59 "http://localhost:8080/admin/edit.html?id=30" "Mozilla/5.0 (Windows NT 10.0; WOW64) AppleWebKit/537.36 (KHTML, like Gecko) Chrome/81.0.4044.138 Safari/537.36"
[2020-05-27T16:57:05.715] [ERROR] access - ::1 - - "POST /api/editHero HTTP/1.1" 401 59 "http://localhost:8080/admin/edit.html?id=30" "Mozilla/5.0 (Windows NT 10.0; WOW64) AppleWebKit/537.36 (KHTML, like Gecko) Chrome/81.0.4044.138 Safari/537.36"
[2020-05-27T16:57:10.112] [ERROR] access - ::1 - - "POST /api/editHero HTTP/1.1" 401 59 "http://localhost:8080/admin/edit.html?id=30" "Mozilla/5.0 (Windows NT 10.0; WOW64) AppleWebKit/537.36 (KHTML, like Gecko) Chrome/81.0.4044.138 Safari/537.36"
[2020-05-27T16:57:22.935] [ERROR] access - ::1 - - "GET /css/bootstrap.css.map HTTP/1.1" 401 59 "" "Mozilla/5.0 (Windows NT 10.0; WOW64) AppleWebKit/537.36 (KHTML, like Gecko) Chrome/81.0.4044.138 Safari/537.36"
[2020-05-27T16:57:22.941] [INFO] access - ::1 - - "POST /api/verifyToken HTTP/1.1" 200 30 "http://localhost:8080/admin/index.html" "Mozilla/5.0 (Windows NT 10.0; WOW64) AppleWebKit/537.36 (KHTML, like Gecko) Chrome/81.0.4044.138 Safari/537.36"
[2020-05-27T16:57:26.925] [INFO] access - ::1 - - "POST /api/delHero HTTP/1.1" 200 39 "http://localhost:8080/admin/index.html" "Mozilla/5.0 (Windows NT 10.0; WOW64) AppleWebKit/537.36 (KHTML, like Gecko) Chrome/81.0.4044.138 Safari/537.36"
[2020-05-27T16:57:26.936] [INFO] access - ::1 - - "GET /api/getHero HTTP/1.1" 200 700 "http://localhost:8080/admin/index.html" "Mozilla/5.0 (Windows NT 10.0; WOW64) AppleWebKit/537.36 (KHTML, like Gecko) Chrome/81.0.4044.138 Safari/537.36"
[2020-05-27T16:57:28.524] [INFO] access - ::1 - - "GET /admin/index.html HTTP/1.1" 200 4308 "http://localhost:8080/admin/edit.html?id=30" "Mozilla/5.0 (Windows NT 10.0; WOW64) AppleWebKit/537.36 (KHTML, like Gecko) Chrome/81.0.4044.138 Safari/537.36"
[2020-05-27T16:57:28.550] [INFO] access - ::1 - - "GET /css/bootstrap.css HTTP/1.1" 200 146010 "http://localhost:8080/admin/index.html" "Mozilla/5.0 (Windows NT 10.0; WOW64) AppleWebKit/537.36 (KHTML, like Gecko) Chrome/81.0.4044.138 Safari/537.36"
[2020-05-27T16:57:28.551] [INFO] access - ::1 - - "GET /js/jQuery.js HTTP/1.1" 200 290960 "http://localhost:8080/admin/index.html" "Mozilla/5.0 (Windows NT 10.0; WOW64) AppleWebKit/537.36 (KHTML, like Gecko) Chrome/81.0.4044.138 Safari/537.36"
[2020-05-27T16:57:28.556] [INFO] access - ::1 - - "GET /js/template-web.js HTTP/1.1" 200 17323 "http://localhost:8080/admin/index.html" "Mozilla/5.0 (Windows NT 10.0; WOW64) AppleWebKit/537.36 (KHTML, like Gecko) Chrome/81.0.4044.138 Safari/537.36"
[2020-05-27T16:57:28.617] [ERROR] access - ::1 - - "GET /css/bootstrap.css.map HTTP/1.1" 401 59 "" "Mozilla/5.0 (Windows NT 10.0; WOW64) AppleWebKit/537.36 (KHTML, like Gecko) Chrome/81.0.4044.138 Safari/537.36"
[2020-05-27T16:57:28.627] [INFO] access - ::1 - - "POST /api/verifyToken HTTP/1.1" 200 30 "http://localhost:8080/admin/index.html" "Mozilla/5.0 (Windows NT 10.0; WOW64) AppleWebKit/537.36 (KHTML, like Gecko) Chrome/81.0.4044.138 Safari/537.36"
[2020-05-27T16:57:28.644] [INFO] access - ::1 - - "GET /api/getHero HTTP/1.1" 200 700 "http://localhost:8080/admin/index.html" "Mozilla/5.0 (Windows NT 10.0; WOW64) AppleWebKit/537.36 (KHTML, like Gecko) Chrome/81.0.4044.138 Safari/537.36"
[2020-05-27T16:57:29.553] [INFO] access - ::1 - - "GET /admin/edit.html?id=29 HTTP/1.1" 200 3728 "http://localhost:8080/admin/index.html" "Mozilla/5.0 (Windows NT 10.0; WOW64) AppleWebKit/537.36 (KHTML, like Gecko) Chrome/81.0.4044.138 Safari/537.36"
[2020-05-27T16:57:29.580] [INFO] access - ::1 - - "GET /css/bootstrap.css HTTP/1.1" 200 146010 "http://localhost:8080/admin/edit.html?id=29" "Mozilla/5.0 (Windows NT 10.0; WOW64) AppleWebKit/537.36 (KHTML, like Gecko) Chrome/81.0.4044.138 Safari/537.36"
[2020-05-27T16:57:29.580] [INFO] access - ::1 - - "GET /js/jQuery.js HTTP/1.1" 200 290960 "http://localhost:8080/admin/edit.html?id=29" "Mozilla/5.0 (Windows NT 10.0; WOW64) AppleWebKit/537.36 (KHTML, like Gecko) Chrome/81.0.4044.138 Safari/537.36"
[2020-05-27T16:57:29.582] [INFO] access - ::1 - - "GET /js/template-web.js HTTP/1.1" 200 17323 "http://localhost:8080/admin/edit.html?id=29" "Mozilla/5.0 (Windows NT 10.0; WOW64) AppleWebKit/537.36 (KHTML, like Gecko) Chrome/81.0.4044.138 Safari/537.36"
[2020-05-27T16:57:29.637] [ERROR] access - ::1 - - "GET /css/bootstrap.css.map HTTP/1.1" 401 59 "" "Mozilla/5.0 (Windows NT 10.0; WOW64) AppleWebKit/537.36 (KHTML, like Gecko) Chrome/81.0.4044.138 Safari/537.36"
[2020-05-27T16:57:29.648] [INFO] access - ::1 - - "GET /api/getHeroById?id=29 HTTP/1.1" 200 171 "http://localhost:8080/admin/edit.html?id=29" "Mozilla/5.0 (Windows NT 10.0; WOW64) AppleWebKit/537.36 (KHTML, like Gecko) Chrome/81.0.4044.138 Safari/537.36"
[2020-05-27T16:57:31.777] [ERROR] access - ::1 - - "POST /api/editHero HTTP/1.1" 401 59 "http://localhost:8080/admin/edit.html?id=29" "Mozilla/5.0 (Windows NT 10.0; WOW64) AppleWebKit/537.36 (KHTML, like Gecko) Chrome/81.0.4044.138 Safari/537.36"
[2020-05-27T16:58:29.865] [INFO] access - ::1 - - "GET /admin/edit.html?id=29 HTTP/1.1" 200 3728 "http://localhost:8080/admin/index.html" "Mozilla/5.0 (Windows NT 10.0; WOW64) AppleWebKit/537.36 (KHTML, like Gecko) Chrome/81.0.4044.138 Safari/537.36"
[2020-05-27T16:58:29.895] [INFO] access - ::1 - - "GET /css/bootstrap.css HTTP/1.1" 200 146010 "http://localhost:8080/admin/edit.html?id=29" "Mozilla/5.0 (Windows NT 10.0; WOW64) AppleWebKit/537.36 (KHTML, like Gecko) Chrome/81.0.4044.138 Safari/537.36"
[2020-05-27T16:58:29.895] [INFO] access - ::1 - - "GET /js/jQuery.js HTTP/1.1" 200 290960 "http://localhost:8080/admin/edit.html?id=29" "Mozilla/5.0 (Windows NT 10.0; WOW64) AppleWebKit/537.36 (KHTML, like Gecko) Chrome/81.0.4044.138 Safari/537.36"
[2020-05-27T16:58:29.900] [INFO] access - ::1 - - "GET /js/template-web.js HTTP/1.1" 200 17323 "http://localhost:8080/admin/edit.html?id=29" "Mozilla/5.0 (Windows NT 10.0; WOW64) AppleWebKit/537.36 (KHTML, like Gecko) Chrome/81.0.4044.138 Safari/537.36"
[2020-05-27T16:58:29.963] [ERROR] access - ::1 - - "GET /css/bootstrap.css.map HTTP/1.1" 401 59 "" "Mozilla/5.0 (Windows NT 10.0; WOW64) AppleWebKit/537.36 (KHTML, like Gecko) Chrome/81.0.4044.138 Safari/537.36"
[2020-05-27T16:58:29.965] [INFO] access - ::1 - - "GET /api/getHeroById?id=29 HTTP/1.1" 200 171 "http://localhost:8080/admin/edit.html?id=29" "Mozilla/5.0 (Windows NT 10.0; WOW64) AppleWebKit/537.36 (KHTML, like Gecko) Chrome/81.0.4044.138 Safari/537.36"
[2020-05-27T16:58:32.661] [ERROR] access - ::1 - - "POST /api/editHero HTTP/1.1" 401 59 "http://localhost:8080/admin/edit.html?id=29" "Mozilla/5.0 (Windows NT 10.0; WOW64) AppleWebKit/537.36 (KHTML, like Gecko) Chrome/81.0.4044.138 Safari/537.36"
[2020-05-27T16:59:06.575] [INFO] access - ::1 - - "POST /api/verifyToken HTTP/1.1" 200 30 "http://localhost:8080/admin/index.html" "Mozilla/5.0 (Windows NT 10.0; WOW64) AppleWebKit/537.36 (KHTML, like Gecko) Chrome/81.0.4044.138 Safari/537.36"
[2020-05-27T16:59:06.581] [ERROR] access - ::1 - - "GET /css/bootstrap.css.map HTTP/1.1" 401 59 "" "Mozilla/5.0 (Windows NT 10.0; WOW64) AppleWebKit/537.36 (KHTML, like Gecko) Chrome/81.0.4044.138 Safari/537.36"
[2020-05-27T16:59:08.373] [INFO] access - ::1 - - "GET /admin/index.html HTTP/1.1" 200 4308 "http://localhost:8080/admin/edit.html?id=30" "Mozilla/5.0 (Windows NT 10.0; WOW64) AppleWebKit/537.36 (KHTML, like Gecko) Chrome/81.0.4044.138 Safari/537.36"
[2020-05-27T16:59:08.402] [INFO] access - ::1 - - "GET /css/bootstrap.css HTTP/1.1" 200 146010 "http://localhost:8080/admin/index.html" "Mozilla/5.0 (Windows NT 10.0; WOW64) AppleWebKit/537.36 (KHTML, like Gecko) Chrome/81.0.4044.138 Safari/537.36"
[2020-05-27T16:59:08.405] [INFO] access - ::1 - - "GET /js/jQuery.js HTTP/1.1" 200 290960 "http://localhost:8080/admin/index.html" "Mozilla/5.0 (Windows NT 10.0; WOW64) AppleWebKit/537.36 (KHTML, like Gecko) Chrome/81.0.4044.138 Safari/537.36"
[2020-05-27T16:59:08.409] [INFO] access - ::1 - - "GET /js/template-web.js HTTP/1.1" 200 17323 "http://localhost:8080/admin/index.html" "Mozilla/5.0 (Windows NT 10.0; WOW64) AppleWebKit/537.36 (KHTML, like Gecko) Chrome/81.0.4044.138 Safari/537.36"
[2020-05-27T16:59:08.482] [ERROR] access - ::1 - - "GET /css/bootstrap.css.map HTTP/1.1" 401 59 "" "Mozilla/5.0 (Windows NT 10.0; WOW64) AppleWebKit/537.36 (KHTML, like Gecko) Chrome/81.0.4044.138 Safari/537.36"
[2020-05-27T16:59:08.489] [INFO] access - ::1 - - "POST /api/verifyToken HTTP/1.1" 200 30 "http://localhost:8080/admin/index.html" "Mozilla/5.0 (Windows NT 10.0; WOW64) AppleWebKit/537.36 (KHTML, like Gecko) Chrome/81.0.4044.138 Safari/537.36"
[2020-05-27T16:59:08.498] [INFO] access - ::1 - - "GET /api/getHero HTTP/1.1" 200 700 "http://localhost:8080/admin/index.html" "Mozilla/5.0 (Windows NT 10.0; WOW64) AppleWebKit/537.36 (KHTML, like Gecko) Chrome/81.0.4044.138 Safari/537.36"
[2020-05-27T16:59:33.577] [INFO] access - ::1 - - "GET /admin/index.html HTTP/1.1" 200 4308 "http://localhost:8080/admin/edit.html?id=30" "Mozilla/5.0 (Windows NT 10.0; WOW64) AppleWebKit/537.36 (KHTML, like Gecko) Chrome/81.0.4044.138 Safari/537.36"
[2020-05-27T16:59:33.616] [INFO] access - ::1 - - "GET /css/bootstrap.css HTTP/1.1" 200 146010 "http://localhost:8080/admin/index.html" "Mozilla/5.0 (Windows NT 10.0; WOW64) AppleWebKit/537.36 (KHTML, like Gecko) Chrome/81.0.4044.138 Safari/537.36"
[2020-05-27T16:59:33.617] [INFO] access - ::1 - - "GET /js/jQuery.js HTTP/1.1" 200 290960 "http://localhost:8080/admin/index.html" "Mozilla/5.0 (Windows NT 10.0; WOW64) AppleWebKit/537.36 (KHTML, like Gecko) Chrome/81.0.4044.138 Safari/537.36"
[2020-05-27T16:59:33.621] [INFO] access - ::1 - - "GET /js/template-web.js HTTP/1.1" 200 17323 "http://localhost:8080/admin/index.html" "Mozilla/5.0 (Windows NT 10.0; WOW64) AppleWebKit/537.36 (KHTML, like Gecko) Chrome/81.0.4044.138 Safari/537.36"
[2020-05-27T16:59:33.682] [ERROR] access - ::1 - - "GET /css/bootstrap.css.map HTTP/1.1" 401 59 "" "Mozilla/5.0 (Windows NT 10.0; WOW64) AppleWebKit/537.36 (KHTML, like Gecko) Chrome/81.0.4044.138 Safari/537.36"
[2020-05-27T16:59:33.688] [INFO] access - ::1 - - "POST /api/verifyToken HTTP/1.1" 200 30 "http://localhost:8080/admin/index.html" "Mozilla/5.0 (Windows NT 10.0; WOW64) AppleWebKit/537.36 (KHTML, like Gecko) Chrome/81.0.4044.138 Safari/537.36"
[2020-05-27T16:59:33.709] [INFO] access - ::1 - - "GET /api/getHero HTTP/1.1" 200 700 "http://localhost:8080/admin/index.html" "Mozilla/5.0 (Windows NT 10.0; WOW64) AppleWebKit/537.36 (KHTML, like Gecko) Chrome/81.0.4044.138 Safari/537.36"
[2020-05-27T17:00:01.118] [INFO] access - ::1 - - "GET /admin/edit.html?id=30 HTTP/1.1" 200 3728 "http://localhost:8080/admin/index.html" "Mozilla/5.0 (Windows NT 10.0; WOW64) AppleWebKit/537.36 (KHTML, like Gecko) Chrome/81.0.4044.138 Safari/537.36"
[2020-05-27T17:00:01.145] [INFO] access - ::1 - - "GET /css/bootstrap.css HTTP/1.1" 200 146010 "http://localhost:8080/admin/edit.html?id=30" "Mozilla/5.0 (Windows NT 10.0; WOW64) AppleWebKit/537.36 (KHTML, like Gecko) Chrome/81.0.4044.138 Safari/537.36"
[2020-05-27T17:00:01.147] [INFO] access - ::1 - - "GET /js/jQuery.js HTTP/1.1" 200 290960 "http://localhost:8080/admin/edit.html?id=30" "Mozilla/5.0 (Windows NT 10.0; WOW64) AppleWebKit/537.36 (KHTML, like Gecko) Chrome/81.0.4044.138 Safari/537.36"
[2020-05-27T17:00:01.151] [INFO] access - ::1 - - "GET /js/template-web.js HTTP/1.1" 200 17323 "http://localhost:8080/admin/edit.html?id=30" "Mozilla/5.0 (Windows NT 10.0; WOW64) AppleWebKit/537.36 (KHTML, like Gecko) Chrome/81.0.4044.138 Safari/537.36"
[2020-05-27T17:00:01.201] [ERROR] access - ::1 - - "GET /css/bootstrap.css.map HTTP/1.1" 401 59 "" "Mozilla/5.0 (Windows NT 10.0; WOW64) AppleWebKit/537.36 (KHTML, like Gecko) Chrome/81.0.4044.138 Safari/537.36"
[2020-05-27T17:00:01.208] [INFO] access - ::1 - - "GET /api/getHeroById?id=30 HTTP/1.1" 200 171 "http://localhost:8080/admin/edit.html?id=30" "Mozilla/5.0 (Windows NT 10.0; WOW64) AppleWebKit/537.36 (KHTML, like Gecko) Chrome/81.0.4044.138 Safari/537.36"
[2020-05-27T17:00:03.366] [ERROR] access - ::1 - - "POST /api/editHero HTTP/1.1" 401 59 "http://localhost:8080/admin/edit.html?id=30" "Mozilla/5.0 (Windows NT 10.0; WOW64) AppleWebKit/537.36 (KHTML, like Gecko) Chrome/81.0.4044.138 Safari/537.36"
[2020-05-27T17:00:36.552] [ERROR] access - ::1 - - "GET /css/bootstrap.css.map HTTP/1.1" 401 59 "" "Mozilla/5.0 (Windows NT 10.0; WOW64) AppleWebKit/537.36 (KHTML, like Gecko) Chrome/81.0.4044.138 Safari/537.36"
[2020-05-27T17:00:36.561] [INFO] access - ::1 - - "POST /api/verifyToken HTTP/1.1" 200 30 "http://localhost:8080/admin/index.html" "Mozilla/5.0 (Windows NT 10.0; WOW64) AppleWebKit/537.36 (KHTML, like Gecko) Chrome/81.0.4044.138 Safari/537.36"
[2020-05-27T17:00:37.830] [INFO] access - ::1 - - "GET /admin/edit.html?id=31 HTTP/1.1" 200 3781 "http://localhost:8080/admin/index.html" "Mozilla/5.0 (Windows NT 10.0; WOW64) AppleWebKit/537.36 (KHTML, like Gecko) Chrome/81.0.4044.138 Safari/537.36"
[2020-05-27T17:00:37.857] [INFO] access - ::1 - - "GET /css/bootstrap.css HTTP/1.1" 200 146010 "http://localhost:8080/admin/edit.html?id=31" "Mozilla/5.0 (Windows NT 10.0; WOW64) AppleWebKit/537.36 (KHTML, like Gecko) Chrome/81.0.4044.138 Safari/537.36"
[2020-05-27T17:00:37.857] [INFO] access - ::1 - - "GET /js/jQuery.js HTTP/1.1" 200 290960 "http://localhost:8080/admin/edit.html?id=31" "Mozilla/5.0 (Windows NT 10.0; WOW64) AppleWebKit/537.36 (KHTML, like Gecko) Chrome/81.0.4044.138 Safari/537.36"
[2020-05-27T17:00:37.862] [INFO] access - ::1 - - "GET /js/template-web.js HTTP/1.1" 200 17323 "http://localhost:8080/admin/edit.html?id=31" "Mozilla/5.0 (Windows NT 10.0; WOW64) AppleWebKit/537.36 (KHTML, like Gecko) Chrome/81.0.4044.138 Safari/537.36"
[2020-05-27T17:00:37.920] [ERROR] access - ::1 - - "GET /css/bootstrap.css.map HTTP/1.1" 401 59 "" "Mozilla/5.0 (Windows NT 10.0; WOW64) AppleWebKit/537.36 (KHTML, like Gecko) Chrome/81.0.4044.138 Safari/537.36"
[2020-05-27T17:00:37.929] [INFO] access - ::1 - - "GET /api/getHeroById?id=31 HTTP/1.1" 200 171 "http://localhost:8080/admin/edit.html?id=31" "Mozilla/5.0 (Windows NT 10.0; WOW64) AppleWebKit/537.36 (KHTML, like Gecko) Chrome/81.0.4044.138 Safari/537.36"
[2020-05-27T17:00:47.419] [ERROR] access - ::1 - - "POST /api/editHero HTTP/1.1" 401 59 "http://localhost:8080/admin/edit.html?id=31" "Mozilla/5.0 (Windows NT 10.0; WOW64) AppleWebKit/537.36 (KHTML, like Gecko) Chrome/81.0.4044.138 Safari/537.36"
[2020-05-27T17:00:58.653] [INFO] access - ::1 - - "GET /admin/edit.html?id=31 HTTP/1.1" 200 3781 "http://localhost:8080/admin/index.html" "Mozilla/5.0 (Windows NT 10.0; WOW64) AppleWebKit/537.36 (KHTML, like Gecko) Chrome/81.0.4044.138 Safari/537.36"
[2020-05-27T17:00:58.693] [INFO] access - ::1 - - "GET /css/bootstrap.css HTTP/1.1" 200 146010 "http://localhost:8080/admin/edit.html?id=31" "Mozilla/5.0 (Windows NT 10.0; WOW64) AppleWebKit/537.36 (KHTML, like Gecko) Chrome/81.0.4044.138 Safari/537.36"
[2020-05-27T17:00:58.697] [INFO] access - ::1 - - "GET /js/jQuery.js HTTP/1.1" 200 290960 "http://localhost:8080/admin/edit.html?id=31" "Mozilla/5.0 (Windows NT 10.0; WOW64) AppleWebKit/537.36 (KHTML, like Gecko) Chrome/81.0.4044.138 Safari/537.36"
[2020-05-27T17:00:58.698] [INFO] access - ::1 - - "GET /js/template-web.js HTTP/1.1" 200 17323 "http://localhost:8080/admin/edit.html?id=31" "Mozilla/5.0 (Windows NT 10.0; WOW64) AppleWebKit/537.36 (KHTML, like Gecko) Chrome/81.0.4044.138 Safari/537.36"
[2020-05-27T17:00:58.752] [ERROR] access - ::1 - - "GET /css/bootstrap.css.map HTTP/1.1" 401 59 "" "Mozilla/5.0 (Windows NT 10.0; WOW64) AppleWebKit/537.36 (KHTML, like Gecko) Chrome/81.0.4044.138 Safari/537.36"
[2020-05-27T17:00:58.758] [INFO] access - ::1 - - "GET /api/getHeroById?id=31 HTTP/1.1" 200 171 "http://localhost:8080/admin/edit.html?id=31" "Mozilla/5.0 (Windows NT 10.0; WOW64) AppleWebKit/537.36 (KHTML, like Gecko) Chrome/81.0.4044.138 Safari/537.36"
[2020-05-27T17:00:58.770] [INFO] access - ::1 - - "GET /uploads/upload_79b7b740e4c45e9a394e6d6b656bda28.jpg HTTP/1.1" 200 10176 "http://localhost:8080/admin/edit.html?id=31" "Mozilla/5.0 (Windows NT 10.0; WOW64) AppleWebKit/537.36 (KHTML, like Gecko) Chrome/81.0.4044.138 Safari/537.36"
[2020-05-27T17:00:58.811] [INFO] access - ::1 - - "GET /favicon.ico HTTP/1.1" 200 4286 "http://localhost:8080/admin/edit.html?id=31" "Mozilla/5.0 (Windows NT 10.0; WOW64) AppleWebKit/537.36 (KHTML, like Gecko) Chrome/81.0.4044.138 Safari/537.36"
[2020-05-27T17:01:01.393] [ERROR] access - ::1 - - "POST /api/editHero HTTP/1.1" 401 59 "http://localhost:8080/admin/edit.html?id=31" "Mozilla/5.0 (Windows NT 10.0; WOW64) AppleWebKit/537.36 (KHTML, like Gecko) Chrome/81.0.4044.138 Safari/537.36"
[2020-05-27T17:02:11.221] [INFO] access - ::1 - - "GET /admin/edit.html?id=31 HTTP/1.1" 200 3818 "http://localhost:8080/admin/index.html" "Mozilla/5.0 (Windows NT 10.0; WOW64) AppleWebKit/537.36 (KHTML, like Gecko) Chrome/81.0.4044.138 Safari/537.36"
[2020-05-27T17:02:11.257] [INFO] access - ::1 - - "GET /js/jQuery.js HTTP/1.1" 200 290960 "http://localhost:8080/admin/edit.html?id=31" "Mozilla/5.0 (Windows NT 10.0; WOW64) AppleWebKit/537.36 (KHTML, like Gecko) Chrome/81.0.4044.138 Safari/537.36"
[2020-05-27T17:02:11.258] [INFO] access - ::1 - - "GET /css/bootstrap.css HTTP/1.1" 200 146010 "http://localhost:8080/admin/edit.html?id=31" "Mozilla/5.0 (Windows NT 10.0; WOW64) AppleWebKit/537.36 (KHTML, like Gecko) Chrome/81.0.4044.138 Safari/537.36"
[2020-05-27T17:02:11.259] [INFO] access - ::1 - - "GET /js/template-web.js HTTP/1.1" 200 17323 "http://localhost:8080/admin/edit.html?id=31" "Mozilla/5.0 (Windows NT 10.0; WOW64) AppleWebKit/537.36 (KHTML, like Gecko) Chrome/81.0.4044.138 Safari/537.36"
[2020-05-27T17:02:11.328] [ERROR] access - ::1 - - "GET /css/bootstrap.css.map HTTP/1.1" 401 59 "" "Mozilla/5.0 (Windows NT 10.0; WOW64) AppleWebKit/537.36 (KHTML, like Gecko) Chrome/81.0.4044.138 Safari/537.36"
[2020-05-27T17:02:11.337] [INFO] access - ::1 - - "GET /api/getHeroById?id=31 HTTP/1.1" 200 171 "http://localhost:8080/admin/edit.html?id=31" "Mozilla/5.0 (Windows NT 10.0; WOW64) AppleWebKit/537.36 (KHTML, like Gecko) Chrome/81.0.4044.138 Safari/537.36"
[2020-05-27T17:02:11.388] [INFO] access - ::1 - - "GET /favicon.ico HTTP/1.1" 200 4286 "http://localhost:8080/admin/edit.html?id=31" "Mozilla/5.0 (Windows NT 10.0; WOW64) AppleWebKit/537.36 (KHTML, like Gecko) Chrome/81.0.4044.138 Safari/537.36"
[2020-05-27T17:02:13.255] [ERROR] access - ::1 - - "POST /api/editHero HTTP/1.1" 401 59 "http://localhost:8080/admin/edit.html?id=31" "Mozilla/5.0 (Windows NT 10.0; WOW64) AppleWebKit/537.36 (KHTML, like Gecko) Chrome/81.0.4044.138 Safari/537.36"
[2020-05-27T17:02:17.824] [INFO] access - ::1 - - "GET /admin/edit.html?id=31 HTTP/1.1" 200 3818 "http://localhost:8080/admin/index.html" "Mozilla/5.0 (Windows NT 10.0; WOW64) AppleWebKit/537.36 (KHTML, like Gecko) Chrome/81.0.4044.138 Safari/537.36"
[2020-05-27T17:02:17.853] [INFO] access - ::1 - - "GET /css/bootstrap.css HTTP/1.1" 200 146010 "http://localhost:8080/admin/edit.html?id=31" "Mozilla/5.0 (Windows NT 10.0; WOW64) AppleWebKit/537.36 (KHTML, like Gecko) Chrome/81.0.4044.138 Safari/537.36"
[2020-05-27T17:02:17.860] [INFO] access - ::1 - - "GET /js/jQuery.js HTTP/1.1" 200 290960 "http://localhost:8080/admin/edit.html?id=31" "Mozilla/5.0 (Windows NT 10.0; WOW64) AppleWebKit/537.36 (KHTML, like Gecko) Chrome/81.0.4044.138 Safari/537.36"
[2020-05-27T17:02:17.860] [INFO] access - ::1 - - "GET /js/template-web.js HTTP/1.1" 200 17323 "http://localhost:8080/admin/edit.html?id=31" "Mozilla/5.0 (Windows NT 10.0; WOW64) AppleWebKit/537.36 (KHTML, like Gecko) Chrome/81.0.4044.138 Safari/537.36"
[2020-05-27T17:02:17.914] [ERROR] access - ::1 - - "GET /css/bootstrap.css.map HTTP/1.1" 401 59 "" "Mozilla/5.0 (Windows NT 10.0; WOW64) AppleWebKit/537.36 (KHTML, like Gecko) Chrome/81.0.4044.138 Safari/537.36"
[2020-05-27T17:02:17.923] [INFO] access - ::1 - - "GET /api/getHeroById?id=31 HTTP/1.1" 200 171 "http://localhost:8080/admin/edit.html?id=31" "Mozilla/5.0 (Windows NT 10.0; WOW64) AppleWebKit/537.36 (KHTML, like Gecko) Chrome/81.0.4044.138 Safari/537.36"
[2020-05-27T17:02:17.970] [INFO] access - ::1 - - "GET /favicon.ico HTTP/1.1" 200 4286 "http://localhost:8080/admin/edit.html?id=31" "Mozilla/5.0 (Windows NT 10.0; WOW64) AppleWebKit/537.36 (KHTML, like Gecko) Chrome/81.0.4044.138 Safari/537.36"
[2020-05-27T17:02:18.450] [ERROR] access - ::1 - - "GET /css/bootstrap.css.map HTTP/1.1" 401 59 "" "Mozilla/5.0 (Windows NT 10.0; WOW64) AppleWebKit/537.36 (KHTML, like Gecko) Chrome/81.0.4044.138 Safari/537.36"
[2020-05-27T17:02:18.454] [INFO] access - ::1 - - "POST /api/verifyToken HTTP/1.1" 200 30 "http://localhost:8080/admin/index.html" "Mozilla/5.0 (Windows NT 10.0; WOW64) AppleWebKit/537.36 (KHTML, like Gecko) Chrome/81.0.4044.138 Safari/537.36"
[2020-05-27T17:02:19.344] [INFO] access - ::1 - - "GET /admin/index.html HTTP/1.1" 200 4308 "http://localhost:8080/admin/edit.html?id=30" "Mozilla/5.0 (Windows NT 10.0; WOW64) AppleWebKit/537.36 (KHTML, like Gecko) Chrome/81.0.4044.138 Safari/537.36"
[2020-05-27T17:02:19.371] [INFO] access - ::1 - - "GET /css/bootstrap.css HTTP/1.1" 200 146010 "http://localhost:8080/admin/index.html" "Mozilla/5.0 (Windows NT 10.0; WOW64) AppleWebKit/537.36 (KHTML, like Gecko) Chrome/81.0.4044.138 Safari/537.36"
[2020-05-27T17:02:19.371] [INFO] access - ::1 - - "GET /js/jQuery.js HTTP/1.1" 200 290960 "http://localhost:8080/admin/index.html" "Mozilla/5.0 (Windows NT 10.0; WOW64) AppleWebKit/537.36 (KHTML, like Gecko) Chrome/81.0.4044.138 Safari/537.36"
[2020-05-27T17:02:19.372] [INFO] access - ::1 - - "GET /js/template-web.js HTTP/1.1" 200 17323 "http://localhost:8080/admin/index.html" "Mozilla/5.0 (Windows NT 10.0; WOW64) AppleWebKit/537.36 (KHTML, like Gecko) Chrome/81.0.4044.138 Safari/537.36"
[2020-05-27T17:02:19.432] [ERROR] access - ::1 - - "GET /css/bootstrap.css.map HTTP/1.1" 401 59 "" "Mozilla/5.0 (Windows NT 10.0; WOW64) AppleWebKit/537.36 (KHTML, like Gecko) Chrome/81.0.4044.138 Safari/537.36"
[2020-05-27T17:02:19.441] [INFO] access - ::1 - - "POST /api/verifyToken HTTP/1.1" 200 30 "http://localhost:8080/admin/index.html" "Mozilla/5.0 (Windows NT 10.0; WOW64) AppleWebKit/537.36 (KHTML, like Gecko) Chrome/81.0.4044.138 Safari/537.36"
[2020-05-27T17:02:19.456] [INFO] access - ::1 - - "GET /api/getHero HTTP/1.1" 200 700 "http://localhost:8080/admin/index.html" "Mozilla/5.0 (Windows NT 10.0; WOW64) AppleWebKit/537.36 (KHTML, like Gecko) Chrome/81.0.4044.138 Safari/537.36"
[2020-05-27T17:02:19.497] [INFO] access - ::1 - - "GET /favicon.ico HTTP/1.1" 200 4286 "http://localhost:8080/admin/index.html" "Mozilla/5.0 (Windows NT 10.0; WOW64) AppleWebKit/537.36 (KHTML, like Gecko) Chrome/81.0.4044.138 Safari/537.36"
[2020-05-27T17:02:19.710] [INFO] access - ::1 - - "GET /admin/index.html HTTP/1.1" 200 4308 "http://localhost:8080/admin/edit.html?id=30" "Mozilla/5.0 (Windows NT 10.0; WOW64) AppleWebKit/537.36 (KHTML, like Gecko) Chrome/81.0.4044.138 Safari/537.36"
[2020-05-27T17:02:19.735] [INFO] access - ::1 - - "GET /css/bootstrap.css HTTP/1.1" 200 146010 "http://localhost:8080/admin/index.html" "Mozilla/5.0 (Windows NT 10.0; WOW64) AppleWebKit/537.36 (KHTML, like Gecko) Chrome/81.0.4044.138 Safari/537.36"
[2020-05-27T17:02:19.736] [INFO] access - ::1 - - "GET /js/jQuery.js HTTP/1.1" 200 290960 "http://localhost:8080/admin/index.html" "Mozilla/5.0 (Windows NT 10.0; WOW64) AppleWebKit/537.36 (KHTML, like Gecko) Chrome/81.0.4044.138 Safari/537.36"
[2020-05-27T17:02:19.736] [INFO] access - ::1 - - "GET /js/template-web.js HTTP/1.1" 200 17323 "http://localhost:8080/admin/index.html" "Mozilla/5.0 (Windows NT 10.0; WOW64) AppleWebKit/537.36 (KHTML, like Gecko) Chrome/81.0.4044.138 Safari/537.36"
[2020-05-27T17:02:19.796] [ERROR] access - ::1 - - "GET /css/bootstrap.css.map HTTP/1.1" 401 59 "" "Mozilla/5.0 (Windows NT 10.0; WOW64) AppleWebKit/537.36 (KHTML, like Gecko) Chrome/81.0.4044.138 Safari/537.36"
[2020-05-27T17:02:19.803] [INFO] access - ::1 - - "POST /api/verifyToken HTTP/1.1" 200 30 "http://localhost:8080/admin/index.html" "Mozilla/5.0 (Windows NT 10.0; WOW64) AppleWebKit/537.36 (KHTML, like Gecko) Chrome/81.0.4044.138 Safari/537.36"
[2020-05-27T17:02:19.820] [INFO] access - ::1 - - "GET /api/getHero HTTP/1.1" 200 700 "http://localhost:8080/admin/index.html" "Mozilla/5.0 (Windows NT 10.0; WOW64) AppleWebKit/537.36 (KHTML, like Gecko) Chrome/81.0.4044.138 Safari/537.36"
[2020-05-27T17:02:19.893] [INFO] access - ::1 - - "GET /favicon.ico HTTP/1.1" 200 4286 "http://localhost:8080/admin/index.html" "Mozilla/5.0 (Windows NT 10.0; WOW64) AppleWebKit/537.36 (KHTML, like Gecko) Chrome/81.0.4044.138 Safari/537.36"
[2020-05-27T17:02:42.766] [INFO] access - ::1 - - "GET /admin/index.html HTTP/1.1" 200 4308 "http://localhost:8080/admin/edit.html?id=30" "Mozilla/5.0 (Windows NT 10.0; WOW64) AppleWebKit/537.36 (KHTML, like Gecko) Chrome/81.0.4044.138 Safari/537.36"
[2020-05-27T17:02:42.794] [INFO] access - ::1 - - "GET /css/bootstrap.css HTTP/1.1" 200 146010 "http://localhost:8080/admin/index.html" "Mozilla/5.0 (Windows NT 10.0; WOW64) AppleWebKit/537.36 (KHTML, like Gecko) Chrome/81.0.4044.138 Safari/537.36"
[2020-05-27T17:02:42.795] [INFO] access - ::1 - - "GET /js/jQuery.js HTTP/1.1" 200 290960 "http://localhost:8080/admin/index.html" "Mozilla/5.0 (Windows NT 10.0; WOW64) AppleWebKit/537.36 (KHTML, like Gecko) Chrome/81.0.4044.138 Safari/537.36"
[2020-05-27T17:02:42.799] [INFO] access - ::1 - - "GET /js/template-web.js HTTP/1.1" 200 17323 "http://localhost:8080/admin/index.html" "Mozilla/5.0 (Windows NT 10.0; WOW64) AppleWebKit/537.36 (KHTML, like Gecko) Chrome/81.0.4044.138 Safari/537.36"
[2020-05-27T17:02:42.858] [ERROR] access - ::1 - - "GET /css/bootstrap.css.map HTTP/1.1" 401 59 "" "Mozilla/5.0 (Windows NT 10.0; WOW64) AppleWebKit/537.36 (KHTML, like Gecko) Chrome/81.0.4044.138 Safari/537.36"
[2020-05-27T17:02:42.866] [INFO] access - ::1 - - "POST /api/verifyToken HTTP/1.1" 200 30 "http://localhost:8080/admin/index.html" "Mozilla/5.0 (Windows NT 10.0; WOW64) AppleWebKit/537.36 (KHTML, like Gecko) Chrome/81.0.4044.138 Safari/537.36"
[2020-05-27T17:02:42.883] [INFO] access - ::1 - - "GET /api/getHero HTTP/1.1" 200 700 "http://localhost:8080/admin/index.html" "Mozilla/5.0 (Windows NT 10.0; WOW64) AppleWebKit/537.36 (KHTML, like Gecko) Chrome/81.0.4044.138 Safari/537.36"
[2020-05-27T17:02:42.935] [INFO] access - ::1 - - "GET /favicon.ico HTTP/1.1" 200 4286 "http://localhost:8080/admin/index.html" "Mozilla/5.0 (Windows NT 10.0; WOW64) AppleWebKit/537.36 (KHTML, like Gecko) Chrome/81.0.4044.138 Safari/537.36"
[2020-05-27T17:02:44.553] [INFO] access - ::1 - - "GET /admin/index.html HTTP/1.1" 200 4308 "http://localhost:8080/admin/edit.html?id=30" "Mozilla/5.0 (Windows NT 10.0; WOW64) AppleWebKit/537.36 (KHTML, like Gecko) Chrome/81.0.4044.138 Safari/537.36"
[2020-05-27T17:02:44.584] [INFO] access - ::1 - - "GET /css/bootstrap.css HTTP/1.1" 200 146010 "http://localhost:8080/admin/index.html" "Mozilla/5.0 (Windows NT 10.0; WOW64) AppleWebKit/537.36 (KHTML, like Gecko) Chrome/81.0.4044.138 Safari/537.36"
[2020-05-27T17:02:44.584] [INFO] access - ::1 - - "GET /js/jQuery.js HTTP/1.1" 200 290960 "http://localhost:8080/admin/index.html" "Mozilla/5.0 (Windows NT 10.0; WOW64) AppleWebKit/537.36 (KHTML, like Gecko) Chrome/81.0.4044.138 Safari/537.36"
[2020-05-27T17:02:44.585] [INFO] access - ::1 - - "GET /js/template-web.js HTTP/1.1" 200 17323 "http://localhost:8080/admin/index.html" "Mozilla/5.0 (Windows NT 10.0; WOW64) AppleWebKit/537.36 (KHTML, like Gecko) Chrome/81.0.4044.138 Safari/537.36"
[2020-05-27T17:02:44.636] [ERROR] access - ::1 - - "GET /css/bootstrap.css.map HTTP/1.1" 401 59 "" "Mozilla/5.0 (Windows NT 10.0; WOW64) AppleWebKit/537.36 (KHTML, like Gecko) Chrome/81.0.4044.138 Safari/537.36"
[2020-05-27T17:02:44.645] [INFO] access - ::1 - - "POST /api/verifyToken HTTP/1.1" 200 30 "http://localhost:8080/admin/index.html" "Mozilla/5.0 (Windows NT 10.0; WOW64) AppleWebKit/537.36 (KHTML, like Gecko) Chrome/81.0.4044.138 Safari/537.36"
[2020-05-27T17:02:44.665] [INFO] access - ::1 - - "GET /api/getHero HTTP/1.1" 200 700 "http://localhost:8080/admin/index.html" "Mozilla/5.0 (Windows NT 10.0; WOW64) AppleWebKit/537.36 (KHTML, like Gecko) Chrome/81.0.4044.138 Safari/537.36"
[2020-05-27T17:02:44.697] [INFO] access - ::1 - - "GET /uploads/upload_05f442f6e7e544e1483a8dad48657f3f.jpg HTTP/1.1" 200 8517 "http://localhost:8080/admin/index.html" "Mozilla/5.0 (Windows NT 10.0; WOW64) AppleWebKit/537.36 (KHTML, like Gecko) Chrome/81.0.4044.138 Safari/537.36"
[2020-05-27T17:02:44.697] [INFO] access - ::1 - - "GET /uploads/upload_fa9156768a08480780672a36a36b923a.jpg HTTP/1.1" 200 7918 "http://localhost:8080/admin/index.html" "Mozilla/5.0 (Windows NT 10.0; WOW64) AppleWebKit/537.36 (KHTML, like Gecko) Chrome/81.0.4044.138 Safari/537.36"
[2020-05-27T17:02:44.698] [INFO] access - ::1 - - "GET /uploads/upload_79b7b740e4c45e9a394e6d6b656bda28.jpg HTTP/1.1" 200 10176 "http://localhost:8080/admin/index.html" "Mozilla/5.0 (Windows NT 10.0; WOW64) AppleWebKit/537.36 (KHTML, like Gecko) Chrome/81.0.4044.138 Safari/537.36"
[2020-05-27T17:02:44.703] [INFO] access - ::1 - - "GET /uploads/upload_c7b0329c3a652255ca1e914f7f3727f9.jpg HTTP/1.1" 200 8964 "http://localhost:8080/admin/index.html" "Mozilla/5.0 (Windows NT 10.0; WOW64) AppleWebKit/537.36 (KHTML, like Gecko) Chrome/81.0.4044.138 Safari/537.36"
[2020-05-27T17:02:44.718] [INFO] access - ::1 - - "GET /favicon.ico HTTP/1.1" 200 4286 "http://localhost:8080/admin/index.html" "Mozilla/5.0 (Windows NT 10.0; WOW64) AppleWebKit/537.36 (KHTML, like Gecko) Chrome/81.0.4044.138 Safari/537.36"
[2020-05-27T17:02:44.754] [INFO] access - ::1 - - "GET /admin/index.html HTTP/1.1" 200 4308 "http://localhost:8080/admin/edit.html?id=30" "Mozilla/5.0 (Windows NT 10.0; WOW64) AppleWebKit/537.36 (KHTML, like Gecko) Chrome/81.0.4044.138 Safari/537.36"
[2020-05-27T17:02:44.782] [INFO] access - ::1 - - "GET /css/bootstrap.css HTTP/1.1" 200 146010 "http://localhost:8080/admin/index.html" "Mozilla/5.0 (Windows NT 10.0; WOW64) AppleWebKit/537.36 (KHTML, like Gecko) Chrome/81.0.4044.138 Safari/537.36"
[2020-05-27T17:02:44.782] [INFO] access - ::1 - - "GET /js/template-web.js HTTP/1.1" 200 17323 "http://localhost:8080/admin/index.html" "Mozilla/5.0 (Windows NT 10.0; WOW64) AppleWebKit/537.36 (KHTML, like Gecko) Chrome/81.0.4044.138 Safari/537.36"
[2020-05-27T17:02:44.782] [INFO] access - ::1 - - "GET /js/jQuery.js HTTP/1.1" 200 290960 "http://localhost:8080/admin/index.html" "Mozilla/5.0 (Windows NT 10.0; WOW64) AppleWebKit/537.36 (KHTML, like Gecko) Chrome/81.0.4044.138 Safari/537.36"
[2020-05-27T17:02:44.833] [ERROR] access - ::1 - - "GET /css/bootstrap.css.map HTTP/1.1" 401 59 "" "Mozilla/5.0 (Windows NT 10.0; WOW64) AppleWebKit/537.36 (KHTML, like Gecko) Chrome/81.0.4044.138 Safari/537.36"
[2020-05-27T17:02:44.838] [INFO] access - ::1 - - "POST /api/verifyToken HTTP/1.1" 200 30 "http://localhost:8080/admin/index.html" "Mozilla/5.0 (Windows NT 10.0; WOW64) AppleWebKit/537.36 (KHTML, like Gecko) Chrome/81.0.4044.138 Safari/537.36"
[2020-05-27T17:02:44.852] [INFO] access - ::1 - - "GET /api/getHero HTTP/1.1" 200 700 "http://localhost:8080/admin/index.html" "Mozilla/5.0 (Windows NT 10.0; WOW64) AppleWebKit/537.36 (KHTML, like Gecko) Chrome/81.0.4044.138 Safari/537.36"
[2020-05-27T17:02:44.889] [INFO] access - ::1 - - "GET /favicon.ico HTTP/1.1" 200 4286 "http://localhost:8080/admin/index.html" "Mozilla/5.0 (Windows NT 10.0; WOW64) AppleWebKit/537.36 (KHTML, like Gecko) Chrome/81.0.4044.138 Safari/537.36"
[2020-05-27T17:02:44.905] [INFO] access - ::1 - - "GET /admin/index.html HTTP/1.1" 200 4308 "http://localhost:8080/admin/edit.html?id=30" "Mozilla/5.0 (Windows NT 10.0; WOW64) AppleWebKit/537.36 (KHTML, like Gecko) Chrome/81.0.4044.138 Safari/537.36"
[2020-05-27T17:02:44.934] [INFO] access - ::1 - - "GET /css/bootstrap.css HTTP/1.1" 200 146010 "http://localhost:8080/admin/index.html" "Mozilla/5.0 (Windows NT 10.0; WOW64) AppleWebKit/537.36 (KHTML, like Gecko) Chrome/81.0.4044.138 Safari/537.36"
[2020-05-27T17:02:44.935] [INFO] access - ::1 - - "GET /js/jQuery.js HTTP/1.1" 200 290960 "http://localhost:8080/admin/index.html" "Mozilla/5.0 (Windows NT 10.0; WOW64) AppleWebKit/537.36 (KHTML, like Gecko) Chrome/81.0.4044.138 Safari/537.36"
[2020-05-27T17:02:44.935] [INFO] access - ::1 - - "GET /js/template-web.js HTTP/1.1" 200 17323 "http://localhost:8080/admin/index.html" "Mozilla/5.0 (Windows NT 10.0; WOW64) AppleWebKit/537.36 (KHTML, like Gecko) Chrome/81.0.4044.138 Safari/537.36"
[2020-05-27T17:02:44.990] [ERROR] access - ::1 - - "GET /css/bootstrap.css.map HTTP/1.1" 401 59 "" "Mozilla/5.0 (Windows NT 10.0; WOW64) AppleWebKit/537.36 (KHTML, like Gecko) Chrome/81.0.4044.138 Safari/537.36"
[2020-05-27T17:02:44.998] [INFO] access - ::1 - - "POST /api/verifyToken HTTP/1.1" 200 30 "http://localhost:8080/admin/index.html" "Mozilla/5.0 (Windows NT 10.0; WOW64) AppleWebKit/537.36 (KHTML, like Gecko) Chrome/81.0.4044.138 Safari/537.36"
[2020-05-27T17:02:45.014] [INFO] access - ::1 - - "GET /api/getHero HTTP/1.1" 200 700 "http://localhost:8080/admin/index.html" "Mozilla/5.0 (Windows NT 10.0; WOW64) AppleWebKit/537.36 (KHTML, like Gecko) Chrome/81.0.4044.138 Safari/537.36"
[2020-05-27T17:02:45.047] [INFO] access - ::1 - - "GET /uploads/upload_05f442f6e7e544e1483a8dad48657f3f.jpg HTTP/1.1" 200 8517 "http://localhost:8080/admin/index.html" "Mozilla/5.0 (Windows NT 10.0; WOW64) AppleWebKit/537.36 (KHTML, like Gecko) Chrome/81.0.4044.138 Safari/537.36"
[2020-05-27T17:02:45.047] [INFO] access - ::1 - - "GET /uploads/upload_79b7b740e4c45e9a394e6d6b656bda28.jpg HTTP/1.1" 200 10176 "http://localhost:8080/admin/index.html" "Mozilla/5.0 (Windows NT 10.0; WOW64) AppleWebKit/537.36 (KHTML, like Gecko) Chrome/81.0.4044.138 Safari/537.36"
[2020-05-27T17:02:45.048] [INFO] access - ::1 - - "GET /uploads/upload_c7b0329c3a652255ca1e914f7f3727f9.jpg HTTP/1.1" 200 8964 "http://localhost:8080/admin/index.html" "Mozilla/5.0 (Windows NT 10.0; WOW64) AppleWebKit/537.36 (KHTML, like Gecko) Chrome/81.0.4044.138 Safari/537.36"
[2020-05-27T17:02:45.048] [INFO] access - ::1 - - "GET /uploads/upload_fa9156768a08480780672a36a36b923a.jpg HTTP/1.1" 200 7918 "http://localhost:8080/admin/index.html" "Mozilla/5.0 (Windows NT 10.0; WOW64) AppleWebKit/537.36 (KHTML, like Gecko) Chrome/81.0.4044.138 Safari/537.36"
[2020-05-27T17:02:45.067] [INFO] access - ::1 - - "GET /favicon.ico HTTP/1.1" 200 4286 "http://localhost:8080/admin/index.html" "Mozilla/5.0 (Windows NT 10.0; WOW64) AppleWebKit/537.36 (KHTML, like Gecko) Chrome/81.0.4044.138 Safari/537.36"
[2020-05-27T17:02:47.658] [INFO] access - ::1 - - "GET /admin/edit.html?id=32 HTTP/1.1" 200 3909 "http://localhost:8080/admin/index.html" "Mozilla/5.0 (Windows NT 10.0; WOW64) AppleWebKit/537.36 (KHTML, like Gecko) Chrome/81.0.4044.138 Safari/537.36"
[2020-05-27T17:02:47.688] [INFO] access - ::1 - - "GET /css/bootstrap.css HTTP/1.1" 200 146010 "http://localhost:8080/admin/edit.html?id=32" "Mozilla/5.0 (Windows NT 10.0; WOW64) AppleWebKit/537.36 (KHTML, like Gecko) Chrome/81.0.4044.138 Safari/537.36"
[2020-05-27T17:02:47.689] [INFO] access - ::1 - - "GET /js/jQuery.js HTTP/1.1" 200 290960 "http://localhost:8080/admin/edit.html?id=32" "Mozilla/5.0 (Windows NT 10.0; WOW64) AppleWebKit/537.36 (KHTML, like Gecko) Chrome/81.0.4044.138 Safari/537.36"
[2020-05-27T17:02:47.689] [INFO] access - ::1 - - "GET /js/template-web.js HTTP/1.1" 200 17323 "http://localhost:8080/admin/edit.html?id=32" "Mozilla/5.0 (Windows NT 10.0; WOW64) AppleWebKit/537.36 (KHTML, like Gecko) Chrome/81.0.4044.138 Safari/537.36"
[2020-05-27T17:02:47.748] [ERROR] access - ::1 - - "GET /css/bootstrap.css.map HTTP/1.1" 401 59 "" "Mozilla/5.0 (Windows NT 10.0; WOW64) AppleWebKit/537.36 (KHTML, like Gecko) Chrome/81.0.4044.138 Safari/537.36"
[2020-05-27T17:02:47.758] [INFO] access - ::1 - - "GET /api/getHeroById?id=32 HTTP/1.1" 200 171 "http://localhost:8080/admin/edit.html?id=32" "Mozilla/5.0 (Windows NT 10.0; WOW64) AppleWebKit/537.36 (KHTML, like Gecko) Chrome/81.0.4044.138 Safari/537.36"
[2020-05-27T17:02:49.189] [INFO] access - ::1 - - "POST /api/editHero HTTP/1.1" 200 33 "http://localhost:8080/admin/edit.html?id=32" "Mozilla/5.0 (Windows NT 10.0; WOW64) AppleWebKit/537.36 (KHTML, like Gecko) Chrome/81.0.4044.138 Safari/537.36"
[2020-05-27T17:02:49.206] [INFO] access - ::1 - - "GET /admin/index.html HTTP/1.1" 200 4308 "http://localhost:8080/admin/edit.html?id=32" "Mozilla/5.0 (Windows NT 10.0; WOW64) AppleWebKit/537.36 (KHTML, like Gecko) Chrome/81.0.4044.138 Safari/537.36"
[2020-05-27T17:02:49.242] [INFO] access - ::1 - - "GET /css/bootstrap.css HTTP/1.1" 200 146010 "http://localhost:8080/admin/index.html" "Mozilla/5.0 (Windows NT 10.0; WOW64) AppleWebKit/537.36 (KHTML, like Gecko) Chrome/81.0.4044.138 Safari/537.36"
[2020-05-27T17:02:49.242] [INFO] access - ::1 - - "GET /js/jQuery.js HTTP/1.1" 200 290960 "http://localhost:8080/admin/index.html" "Mozilla/5.0 (Windows NT 10.0; WOW64) AppleWebKit/537.36 (KHTML, like Gecko) Chrome/81.0.4044.138 Safari/537.36"
[2020-05-27T17:02:49.243] [INFO] access - ::1 - - "GET /js/template-web.js HTTP/1.1" 200 17323 "http://localhost:8080/admin/index.html" "Mozilla/5.0 (Windows NT 10.0; WOW64) AppleWebKit/537.36 (KHTML, like Gecko) Chrome/81.0.4044.138 Safari/537.36"
[2020-05-27T17:02:49.307] [ERROR] access - ::1 - - "GET /css/bootstrap.css.map HTTP/1.1" 401 59 "" "Mozilla/5.0 (Windows NT 10.0; WOW64) AppleWebKit/537.36 (KHTML, like Gecko) Chrome/81.0.4044.138 Safari/537.36"
[2020-05-27T17:02:49.314] [INFO] access - ::1 - - "POST /api/verifyToken HTTP/1.1" 200 30 "http://localhost:8080/admin/index.html" "Mozilla/5.0 (Windows NT 10.0; WOW64) AppleWebKit/537.36 (KHTML, like Gecko) Chrome/81.0.4044.138 Safari/537.36"
[2020-05-27T17:02:49.330] [INFO] access - ::1 - - "GET /api/getHero HTTP/1.1" 200 701 "http://localhost:8080/admin/index.html" "Mozilla/5.0 (Windows NT 10.0; WOW64) AppleWebKit/537.36 (KHTML, like Gecko) Chrome/81.0.4044.138 Safari/537.36"
[2020-05-27T17:02:50.832] [INFO] access - ::1 - - "GET /admin/edit.html?id=32 HTTP/1.1" 200 3909 "http://localhost:8080/admin/index.html" "Mozilla/5.0 (Windows NT 10.0; WOW64) AppleWebKit/537.36 (KHTML, like Gecko) Chrome/81.0.4044.138 Safari/537.36"
[2020-05-27T17:02:50.867] [INFO] access - ::1 - - "GET /css/bootstrap.css HTTP/1.1" 200 146010 "http://localhost:8080/admin/edit.html?id=32" "Mozilla/5.0 (Windows NT 10.0; WOW64) AppleWebKit/537.36 (KHTML, like Gecko) Chrome/81.0.4044.138 Safari/537.36"
[2020-05-27T17:02:50.869] [INFO] access - ::1 - - "GET /js/jQuery.js HTTP/1.1" 200 290960 "http://localhost:8080/admin/edit.html?id=32" "Mozilla/5.0 (Windows NT 10.0; WOW64) AppleWebKit/537.36 (KHTML, like Gecko) Chrome/81.0.4044.138 Safari/537.36"
[2020-05-27T17:02:50.870] [INFO] access - ::1 - - "GET /js/template-web.js HTTP/1.1" 200 17323 "http://localhost:8080/admin/edit.html?id=32" "Mozilla/5.0 (Windows NT 10.0; WOW64) AppleWebKit/537.36 (KHTML, like Gecko) Chrome/81.0.4044.138 Safari/537.36"
[2020-05-27T17:02:50.929] [ERROR] access - ::1 - - "GET /css/bootstrap.css.map HTTP/1.1" 401 59 "" "Mozilla/5.0 (Windows NT 10.0; WOW64) AppleWebKit/537.36 (KHTML, like Gecko) Chrome/81.0.4044.138 Safari/537.36"
[2020-05-27T17:02:50.937] [INFO] access - ::1 - - "GET /api/getHeroById?id=32 HTTP/1.1" 200 172 "http://localhost:8080/admin/edit.html?id=32" "Mozilla/5.0 (Windows NT 10.0; WOW64) AppleWebKit/537.36 (KHTML, like Gecko) Chrome/81.0.4044.138 Safari/537.36"
[2020-05-27T17:02:54.043] [INFO] access - ::1 - - "POST /api/editHero HTTP/1.1" 200 33 "http://localhost:8080/admin/edit.html?id=32" "Mozilla/5.0 (Windows NT 10.0; WOW64) AppleWebKit/537.36 (KHTML, like Gecko) Chrome/81.0.4044.138 Safari/537.36"
[2020-05-27T17:02:54.059] [INFO] access - ::1 - - "GET /admin/index.html HTTP/1.1" 200 4308 "http://localhost:8080/admin/edit.html?id=32" "Mozilla/5.0 (Windows NT 10.0; WOW64) AppleWebKit/537.36 (KHTML, like Gecko) Chrome/81.0.4044.138 Safari/537.36"
[2020-05-27T17:02:54.094] [INFO] access - ::1 - - "GET /css/bootstrap.css HTTP/1.1" 200 146010 "http://localhost:8080/admin/index.html" "Mozilla/5.0 (Windows NT 10.0; WOW64) AppleWebKit/537.36 (KHTML, like Gecko) Chrome/81.0.4044.138 Safari/537.36"
[2020-05-27T17:02:54.094] [INFO] access - ::1 - - "GET /js/jQuery.js HTTP/1.1" 200 290960 "http://localhost:8080/admin/index.html" "Mozilla/5.0 (Windows NT 10.0; WOW64) AppleWebKit/537.36 (KHTML, like Gecko) Chrome/81.0.4044.138 Safari/537.36"
[2020-05-27T17:02:54.095] [INFO] access - ::1 - - "GET /js/template-web.js HTTP/1.1" 200 17323 "http://localhost:8080/admin/index.html" "Mozilla/5.0 (Windows NT 10.0; WOW64) AppleWebKit/537.36 (KHTML, like Gecko) Chrome/81.0.4044.138 Safari/537.36"
[2020-05-27T17:02:54.159] [ERROR] access - ::1 - - "GET /css/bootstrap.css.map HTTP/1.1" 401 59 "" "Mozilla/5.0 (Windows NT 10.0; WOW64) AppleWebKit/537.36 (KHTML, like Gecko) Chrome/81.0.4044.138 Safari/537.36"
[2020-05-27T17:02:54.169] [INFO] access - ::1 - - "POST /api/verifyToken HTTP/1.1" 200 30 "http://localhost:8080/admin/index.html" "Mozilla/5.0 (Windows NT 10.0; WOW64) AppleWebKit/537.36 (KHTML, like Gecko) Chrome/81.0.4044.138 Safari/537.36"
[2020-05-27T17:02:54.184] [INFO] access - ::1 - - "GET /api/getHero HTTP/1.1" 200 700 "http://localhost:8080/admin/index.html" "Mozilla/5.0 (Windows NT 10.0; WOW64) AppleWebKit/537.36 (KHTML, like Gecko) Chrome/81.0.4044.138 Safari/537.36"
[2020-05-27T17:02:56.099] [INFO] access - ::1 - - "GET /admin/edit.html?id=32 HTTP/1.1" 200 3909 "http://localhost:8080/admin/index.html" "Mozilla/5.0 (Windows NT 10.0; WOW64) AppleWebKit/537.36 (KHTML, like Gecko) Chrome/81.0.4044.138 Safari/537.36"
[2020-05-27T17:02:56.129] [INFO] access - ::1 - - "GET /css/bootstrap.css HTTP/1.1" 200 146010 "http://localhost:8080/admin/edit.html?id=32" "Mozilla/5.0 (Windows NT 10.0; WOW64) AppleWebKit/537.36 (KHTML, like Gecko) Chrome/81.0.4044.138 Safari/537.36"
[2020-05-27T17:02:56.130] [INFO] access - ::1 - - "GET /js/jQuery.js HTTP/1.1" 200 290960 "http://localhost:8080/admin/edit.html?id=32" "Mozilla/5.0 (Windows NT 10.0; WOW64) AppleWebKit/537.36 (KHTML, like Gecko) Chrome/81.0.4044.138 Safari/537.36"
[2020-05-27T17:02:56.132] [INFO] access - ::1 - - "GET /js/template-web.js HTTP/1.1" 200 17323 "http://localhost:8080/admin/edit.html?id=32" "Mozilla/5.0 (Windows NT 10.0; WOW64) AppleWebKit/537.36 (KHTML, like Gecko) Chrome/81.0.4044.138 Safari/537.36"
[2020-05-27T17:02:56.189] [ERROR] access - ::1 - - "GET /css/bootstrap.css.map HTTP/1.1" 401 59 "" "Mozilla/5.0 (Windows NT 10.0; WOW64) AppleWebKit/537.36 (KHTML, like Gecko) Chrome/81.0.4044.138 Safari/537.36"
[2020-05-27T17:02:56.196] [INFO] access - ::1 - - "GET /api/getHeroById?id=32 HTTP/1.1" 200 171 "http://localhost:8080/admin/edit.html?id=32" "Mozilla/5.0 (Windows NT 10.0; WOW64) AppleWebKit/537.36 (KHTML, like Gecko) Chrome/81.0.4044.138 Safari/537.36"
[2020-05-27T17:03:04.329] [INFO] access - ::1 - - "POST /api/uploadFile HTTP/1.1" 200 97 "http://localhost:8080/admin/edit.html?id=32" "Mozilla/5.0 (Windows NT 10.0; WOW64) AppleWebKit/537.36 (KHTML, like Gecko) Chrome/81.0.4044.138 Safari/537.36"
[2020-05-27T17:03:04.340] [INFO] access - ::1 - - "GET /uploads/upload_a35a3406dce497f9526aed63f93d8bbb.jpg HTTP/1.1" 200 12113 "http://localhost:8080/admin/edit.html?id=32" "Mozilla/5.0 (Windows NT 10.0; WOW64) AppleWebKit/537.36 (KHTML, like Gecko) Chrome/81.0.4044.138 Safari/537.36"
[2020-05-27T17:03:05.193] [INFO] access - ::1 - - "POST /api/editHero HTTP/1.1" 200 33 "http://localhost:8080/admin/edit.html?id=32" "Mozilla/5.0 (Windows NT 10.0; WOW64) AppleWebKit/537.36 (KHTML, like Gecko) Chrome/81.0.4044.138 Safari/537.36"
[2020-05-27T17:03:05.211] [INFO] access - ::1 - - "GET /admin/index.html HTTP/1.1" 200 4308 "http://localhost:8080/admin/edit.html?id=32" "Mozilla/5.0 (Windows NT 10.0; WOW64) AppleWebKit/537.36 (KHTML, like Gecko) Chrome/81.0.4044.138 Safari/537.36"
[2020-05-27T17:03:05.244] [INFO] access - ::1 - - "GET /css/bootstrap.css HTTP/1.1" 200 146010 "http://localhost:8080/admin/index.html" "Mozilla/5.0 (Windows NT 10.0; WOW64) AppleWebKit/537.36 (KHTML, like Gecko) Chrome/81.0.4044.138 Safari/537.36"
[2020-05-27T17:03:05.246] [INFO] access - ::1 - - "GET /js/jQuery.js HTTP/1.1" 200 290960 "http://localhost:8080/admin/index.html" "Mozilla/5.0 (Windows NT 10.0; WOW64) AppleWebKit/537.36 (KHTML, like Gecko) Chrome/81.0.4044.138 Safari/537.36"
[2020-05-27T17:03:05.248] [INFO] access - ::1 - - "GET /js/template-web.js HTTP/1.1" 200 17323 "http://localhost:8080/admin/index.html" "Mozilla/5.0 (Windows NT 10.0; WOW64) AppleWebKit/537.36 (KHTML, like Gecko) Chrome/81.0.4044.138 Safari/537.36"
[2020-05-27T17:03:05.313] [ERROR] access - ::1 - - "GET /css/bootstrap.css.map HTTP/1.1" 401 59 "" "Mozilla/5.0 (Windows NT 10.0; WOW64) AppleWebKit/537.36 (KHTML, like Gecko) Chrome/81.0.4044.138 Safari/537.36"
[2020-05-27T17:03:05.322] [INFO] access - ::1 - - "POST /api/verifyToken HTTP/1.1" 200 30 "http://localhost:8080/admin/index.html" "Mozilla/5.0 (Windows NT 10.0; WOW64) AppleWebKit/537.36 (KHTML, like Gecko) Chrome/81.0.4044.138 Safari/537.36"
[2020-05-27T17:03:05.326] [INFO] access - ::1 - - "GET /api/getHero HTTP/1.1" 200 700 "http://localhost:8080/admin/index.html" "Mozilla/5.0 (Windows NT 10.0; WOW64) AppleWebKit/537.36 (KHTML, like Gecko) Chrome/81.0.4044.138 Safari/537.36"
