[2020-05-27T15:00:00.757] [ERROR] access - ::1 - - "GET /dfsd HTTP/1.1" 404 - "" "Mozilla/5.0 (Windows NT 10.0; WOW64) AppleWebKit/537.36 (KHTML, like Gecko) Chrome/81.0.4044.138 Safari/537.36"
[2020-05-27T15:00:04.890] [INFO] access - ::1 - - "GET /info HTTP/1.1" 200 4 "" "Mozilla/5.0 (Windows NT 10.0; WOW64) AppleWebKit/537.36 (KHTML, like Gecko) Chrome/81.0.4044.138 Safari/537.36"
[2020-05-27T15:00:07.978] [ERROR] access - ::1 - - "GET /isss HTTP/1.1" 404 - "" "Mozilla/5.0 (Windows NT 10.0; WOW64) AppleWebKit/537.36 (KHTML, like Gecko) Chrome/81.0.4044.138 Safari/537.36"
[2020-05-27T15:00:12.772] [INFO] access - ::1 - - "GET / HTTP/1.1" 200 6 "" "Mozilla/5.0 (Windows NT 10.0; WOW64) AppleWebKit/537.36 (KHTML, like Gecko) Chrome/81.0.4044.138 Safari/537.36"
[2020-05-27T15:05:57.865] [ERROR] access - ::1 - - "GET /api HTTP/1.1" 404 - "" "Mozilla/5.0 (Windows NT 10.0; WOW64) AppleWebKit/537.36 (KHTML, like Gecko) Chrome/81.0.4044.138 Safari/537.36"
[2020-05-27T15:06:34.038] [ERROR] access - ::1 - - "GET /api HTTP/1.1" 404 - "" "Mozilla/5.0 (Windows NT 10.0; WOW64) AppleWebKit/537.36 (KHTML, like Gecko) Chrome/81.0.4044.138 Safari/537.36"
[2020-05-27T15:06:50.683] [ERROR] access - ::1 - - "GET /api HTTP/1.1" 404 - "" "Mozilla/5.0 (Windows NT 10.0; WOW64) AppleWebKit/537.36 (KHTML, like Gecko) Chrome/81.0.4044.138 Safari/537.36"
[2020-05-27T15:08:49.096] [ERROR] access - ::1 - - "GET /api HTTP/1.1" 404 - "" "Mozilla/5.0 (Windows NT 10.0; WOW64) AppleWebKit/537.36 (KHTML, like Gecko) Chrome/81.0.4044.138 Safari/537.36"
[2020-05-27T15:09:03.422] [ERROR] access - ::1 - - "GET /api HTTP/1.1" 404 - "" "Mozilla/5.0 (Windows NT 10.0; WOW64) AppleWebKit/537.36 (KHTML, like Gecko) Chrome/81.0.4044.138 Safari/537.36"
[2020-05-27T15:10:35.211] [ERROR] access - ::1 - - "GET /api HTTP/1.1" 404 - "" "Mozilla/5.0 (Windows NT 10.0; WOW64) AppleWebKit/537.36 (KHTML, like Gecko) Chrome/81.0.4044.138 Safari/537.36"
[2020-05-27T15:10:57.461] [ERROR] access - ::1 - - "GET /api HTTP/1.1" 404 - "" "Mozilla/5.0 (Windows NT 10.0; WOW64) AppleWebKit/537.36 (KHTML, like Gecko) Chrome/81.0.4044.138 Safari/537.36"
[2020-05-27T15:11:38.269] [ERROR] access - ::1 - - "GET /api HTTP/1.1" 404 - "" "Mozilla/5.0 (Windows NT 10.0; WOW64) AppleWebKit/537.36 (KHTML, like Gecko) Chrome/81.0.4044.138 Safari/537.36"
[2020-05-27T15:11:56.649] [ERROR] access - ::1 - - "GET /api HTTP/1.1" 404 - "" "Mozilla/5.0 (Windows NT 10.0; WOW64) AppleWebKit/537.36 (KHTML, like Gecko) Chrome/81.0.4044.138 Safari/537.36"
[2020-05-27T15:12:17.976] [ERROR] access - ::1 - - "GET /api HTTP/1.1" 404 - "" "Mozilla/5.0 (Windows NT 10.0; WOW64) AppleWebKit/537.36 (KHTML, like Gecko) Chrome/81.0.4044.138 Safari/537.36"
[2020-05-27T15:12:31.228] [ERROR] access - ::1 - - "GET /api HTTP/1.1" 404 - "" "Mozilla/5.0 (Windows NT 10.0; WOW64) AppleWebKit/537.36 (KHTML, like Gecko) Chrome/81.0.4044.138 Safari/537.36"
[2020-05-27T15:12:55.496] [ERROR] access - ::1 - - "GET /api HTTP/1.1" 404 - "" "Mozilla/5.0 (Windows NT 10.0; WOW64) AppleWebKit/537.36 (KHTML, like Gecko) Chrome/81.0.4044.138 Safari/537.36"
[2020-05-27T15:13:50.231] [ERROR] access - ::1 - - "GET /api HTTP/1.1" 404 - "" "Mozilla/5.0 (Windows NT 10.0; WOW64) AppleWebKit/537.36 (KHTML, like Gecko) Chrome/81.0.4044.138 Safari/537.36"
[2020-05-27T15:14:17.612] [ERROR] access - ::1 - - "GET /api HTTP/1.1" 404 - "" "Mozilla/5.0 (Windows NT 10.0; WOW64) AppleWebKit/537.36 (KHTML, like Gecko) Chrome/81.0.4044.138 Safari/537.36"
[2020-05-27T16:31:32.373] [ERROR] access - ::1 - - "GET /api HTTP/1.1" 404 - "" "Mozilla/5.0 (Windows NT 10.0; WOW64) AppleWebKit/537.36 (KHTML, like Gecko) Chrome/81.0.4044.138 Safari/537.36"
[2020-05-27T16:31:56.929] [INFO] access - ::1 - - "GET /info HTTP/1.1" 200 4 "" "Mozilla/5.0 (Windows NT 10.0; WOW64) AppleWebKit/537.36 (KHTML, like Gecko) Chrome/81.0.4044.138 Safari/537.36"
[2020-05-27T16:36:53.699] [ERROR] access - ::1 - - "GET /info HTTP/1.1" 404 - "" "Mozilla/5.0 (Windows NT 10.0; WOW64) AppleWebKit/537.36 (KHTML, like Gecko) Chrome/81.0.4044.138 Safari/537.36"
[2020-05-27T16:37:33.106] [ERROR] access - ::1 - - "GET /info HTTP/1.1" 509 - "" "Mozilla/5.0 (Windows NT 10.0; WOW64) AppleWebKit/537.36 (KHTML, like Gecko) Chrome/81.0.4044.138 Safari/537.36"
[2020-05-27T16:38:26.822] [ERROR] access - ::1 - - "GET /info HTTP/1.1" 503 12 "" "Mozilla/5.0 (Windows NT 10.0; WOW64) AppleWebKit/537.36 (KHTML, like Gecko) Chrome/81.0.4044.138 Safari/537.36"
2020-05-27T17:10:23.549 INFO access null ::1 - - "GET / HTTP/1.1" 200 6 "" "Mozilla/5.0 (Windows NT 10.0; WOW64) AppleWebKit/537.36 (KHTML, like Gecko) Chrome/81.0.4044.138 Safari/537.36"

2020-05-27T17:14:12.851 INFO LAPTOP-KKQ75F4E access null ::1 - - "GET / HTTP/1.1" 200 6 "" "Mozilla/5.0 (Windows NT 10.0; WOW64) AppleWebKit/537.36 (KHTML, like Gecko) Chrome/81.0.4044.138 Safari/537.36"

2020-05-27T17:14:12.948 ERROR LAPTOP-KKQ75F4E access null ::1 - - "GET /favicon.ico HTTP/1.1" 404 - "http://localhost:8080/" "Mozilla/5.0 (Windows NT 10.0; WOW64) AppleWebKit/537.36 (KHTML, like Gecko) Chrome/81.0.4044.138 Safari/537.36"

[2020-05-27T17:17:50.474] [INFO] access - ::1 - - "GET / HTTP/1.1" 200 6 "" "Mozilla/5.0 (Windows NT 10.0; WOW64) AppleWebKit/537.36 (KHTML, like Gecko) Chrome/81.0.4044.138 Safari/537.36"
[2020-05-27T17:18:00.401] [ERROR] access - ::1 - - "GET /dfs HTTP/1.1" 404 - "" "Mozilla/5.0 (Windows NT 10.0; WOW64) AppleWebKit/537.36 (KHTML, like Gecko) Chrome/81.0.4044.138 Safari/537.36"
[91m[2020-05-27T17:20:29.812] [ERROR] access - [39m::1 - - "GET /dfs HTTP/1.1" 404 - "" "Mozilla/5.0 (Windows NT 10.0; WOW64) AppleWebKit/537.36 (KHTML, like Gecko) Chrome/81.0.4044.138 Safari/537.36"
[91m[2020-05-27T17:20:30.233] [ERROR] access - [39m::1 - - "GET /dfs HTTP/1.1" 404 - "" "Mozilla/5.0 (Windows NT 10.0; WOW64) AppleWebKit/537.36 (KHTML, like Gecko) Chrome/81.0.4044.138 Safari/537.36"
[91m[2020-05-27T17:20:57.810] [ERROR] access - [39m::1 - - "GET /dfs HTTP/1.1" 404 - "" "Mozilla/5.0 (Windows NT 10.0; WOW64) AppleWebKit/537.36 (KHTML, like Gecko) Chrome/81.0.4044.138 Safari/537.36"
[91m[2020-05-27T17:20:57.965] [ERROR] access - [39m::1 - - "GET /dfs HTTP/1.1" 404 - "" "Mozilla/5.0 (Windows NT 10.0; WOW64) AppleWebKit/537.36 (KHTML, like Gecko) Chrome/81.0.4044.138 Safari/537.36"
[91m[2020-05-27T17:20:58.123] [ERROR] access - [39m::1 - - "GET /dfs HTTP/1.1" 404 - "" "Mozilla/5.0 (Windows NT 10.0; WOW64) AppleWebKit/537.36 (KHTML, like Gecko) Chrome/81.0.4044.138 Safari/537.36"
[2020-05-27T17:22:52.937] [ERROR] access - ::1 - - "GET /dfs HTTP/1.1" 404 - "" "Mozilla/5.0 (Windows NT 10.0; WOW64) AppleWebKit/537.36 (KHTML, like Gecko) Chrome/81.0.4044.138 Safari/537.36"
[2020-05-27T17:22:53.077] [ERROR] access - ::1 - - "GET /dfs HTTP/1.1" 404 - "" "Mozilla/5.0 (Windows NT 10.0; WOW64) AppleWebKit/537.36 (KHTML, like Gecko) Chrome/81.0.4044.138 Safari/537.36"
[2020-05-27T17:22:53.243] [ERROR] access - ::1 - - "GET /dfs HTTP/1.1" 404 - "" "Mozilla/5.0 (Windows NT 10.0; WOW64) AppleWebKit/537.36 (KHTML, like Gecko) Chrome/81.0.4044.138 Safari/537.36"
[2020-05-27T17:22:53.403] [ERROR] access - ::1 - - "GET /dfs HTTP/1.1" 404 - "" "Mozilla/5.0 (Windows NT 10.0; WOW64) AppleWebKit/537.36 (KHTML, like Gecko) Chrome/81.0.4044.138 Safari/537.36"
[2020-05-27T17:22:53.530] [ERROR] access - ::1 - - "GET /dfs HTTP/1.1" 404 - "" "Mozilla/5.0 (Windows NT 10.0; WOW64) AppleWebKit/537.36 (KHTML, like Gecko) Chrome/81.0.4044.138 Safari/537.36"
